{"C:\\Users\\mssli\\OneDrive\\Documents\\GitHub\\YellowTeam-GoodNeighbor\\functions\\index.js": {"path":"C:\\Users\\mssli\\OneDrive\\Documents\\GitHub\\YellowTeam-GoodNeighbor\\functions\\index.js","all":true,"statementMap":{"0":{"start":{"line":1,"column":0},"end":{"line":1,"column":3}},"1":{"start":{"line":2,"column":0},"end":{"line":2,"column":61}},"2":{"start":{"line":3,"column":0},"end":{"line":3,"column":2}},"3":{"start":{"line":4,"column":0},"end":{"line":4,"column":59}},"4":{"start":{"line":5,"column":0},"end":{"line":5,"column":74}},"5":{"start":{"line":6,"column":0},"end":{"line":6,"column":2}},"6":{"start":{"line":7,"column":0},"end":{"line":7,"column":86}},"7":{"start":{"line":8,"column":0},"end":{"line":8,"column":3}},"8":{"start":{"line":9,"column":0},"end":{"line":9,"column":0}},"9":{"start":{"line":10,"column":0},"end":{"line":10,"column":59}},"10":{"start":{"line":11,"column":0},"end":{"line":11,"column":52}},"11":{"start":{"line":12,"column":0},"end":{"line":12,"column":0}},"12":{"start":{"line":13,"column":0},"end":{"line":13,"column":41}},"13":{"start":{"line":14,"column":0},"end":{"line":14,"column":57}},"14":{"start":{"line":15,"column":0},"end":{"line":15,"column":0}},"15":{"start":{"line":16,"column":0},"end":{"line":16,"column":58}},"16":{"start":{"line":17,"column":0},"end":{"line":17,"column":56}},"17":{"start":{"line":18,"column":0},"end":{"line":18,"column":43}},"18":{"start":{"line":19,"column":0},"end":{"line":19,"column":6}}},"s":{"0":0,"1":0,"2":0,"3":0,"4":0,"5":0,"6":0,"7":0,"8":0,"9":0,"10":0,"11":0,"12":0,"13":0,"14":0,"15":0,"16":0,"17":0,"18":0},"branchMap":{"0":{"type":"branch","line":1,"loc":{"start":{"line":1,"column":698},"end":{"line":19,"column":6}},"locations":[{"start":{"line":1,"column":698},"end":{"line":19,"column":6}}]}},"b":{"0":[0]},"fnMap":{"0":{"name":"(empty-report)","decl":{"start":{"line":1,"column":698},"end":{"line":19,"column":6}},"loc":{"start":{"line":1,"column":698},"end":{"line":19,"column":6}},"line":1}},"f":{"0":0}}
,"C:\\Users\\mssli\\OneDrive\\Documents\\GitHub\\YellowTeam-GoodNeighbor\\src\\App.jsx": {"path":"C:\\Users\\mssli\\OneDrive\\Documents\\GitHub\\YellowTeam-GoodNeighbor\\src\\App.jsx","all":true,"statementMap":{"0":{"start":{"line":1,"column":0},"end":{"line":1,"column":52}},"1":{"start":{"line":2,"column":0},"end":{"line":2,"column":71}},"2":{"start":{"line":3,"column":0},"end":{"line":3,"column":50}},"4":{"start":{"line":5,"column":0},"end":{"line":5,"column":55}},"5":{"start":{"line":6,"column":0},"end":{"line":6,"column":19}},"7":{"start":{"line":8,"column":0},"end":{"line":8,"column":52}},"8":{"start":{"line":9,"column":0},"end":{"line":9,"column":51}},"9":{"start":{"line":10,"column":0},"end":{"line":10,"column":59}},"10":{"start":{"line":11,"column":0},"end":{"line":11,"column":57}},"11":{"start":{"line":12,"column":0},"end":{"line":12,"column":62}},"13":{"start":{"line":14,"column":0},"end":{"line":14,"column":19}},"14":{"start":{"line":15,"column":0},"end":{"line":15,"column":49}},"16":{"start":{"line":17,"column":0},"end":{"line":17,"column":16}},"17":{"start":{"line":18,"column":0},"end":{"line":18,"column":34}},"18":{"start":{"line":19,"column":0},"end":{"line":19,"column":3}},"20":{"start":{"line":21,"column":0},"end":{"line":21,"column":14}},"21":{"start":{"line":22,"column":0},"end":{"line":22,"column":85}},"22":{"start":{"line":23,"column":0},"end":{"line":23,"column":3}},"24":{"start":{"line":25,"column":0},"end":{"line":25,"column":10}},"25":{"start":{"line":26,"column":0},"end":{"line":26,"column":12}},"26":{"start":{"line":27,"column":0},"end":{"line":27,"column":34}},"28":{"start":{"line":29,"column":0},"end":{"line":29,"column":18}},"29":{"start":{"line":30,"column":0},"end":{"line":30,"column":67}},"31":{"start":{"line":32,"column":0},"end":{"line":32,"column":12}},"32":{"start":{"line":33,"column":0},"end":{"line":33,"column":48}},"33":{"start":{"line":34,"column":0},"end":{"line":34,"column":22}},"34":{"start":{"line":35,"column":0},"end":{"line":35,"column":57}},"35":{"start":{"line":36,"column":0},"end":{"line":36,"column":69}},"36":{"start":{"line":37,"column":0},"end":{"line":37,"column":67}},"37":{"start":{"line":38,"column":0},"end":{"line":38,"column":75}},"40":{"start":{"line":41,"column":0},"end":{"line":41,"column":23}},"41":{"start":{"line":42,"column":0},"end":{"line":42,"column":18}},"42":{"start":{"line":43,"column":0},"end":{"line":43,"column":17}},"43":{"start":{"line":44,"column":0},"end":{"line":44,"column":32}},"44":{"start":{"line":45,"column":0},"end":{"line":45,"column":18}},"45":{"start":{"line":46,"column":0},"end":{"line":46,"column":13}},"47":{"start":{"line":48,"column":0},"end":{"line":48,"column":12}},"48":{"start":{"line":49,"column":0},"end":{"line":49,"column":13}},"50":{"start":{"line":51,"column":0},"end":{"line":51,"column":2}},"52":{"start":{"line":53,"column":0},"end":{"line":53,"column":19}}},"s":{"0":0,"1":0,"2":0,"4":0,"5":0,"7":0,"8":0,"9":0,"10":0,"11":0,"13":0,"14":0,"16":0,"17":0,"18":0,"20":0,"21":0,"22":0,"24":0,"25":0,"26":0,"28":0,"29":0,"31":0,"32":0,"33":0,"34":0,"35":0,"36":0,"37":0,"40":0,"41":0,"42":0,"43":0,"44":0,"45":0,"47":0,"48":0,"50":0,"52":0},"branchMap":{"0":{"type":"branch","line":1,"loc":{"start":{"line":1,"column":0},"end":{"line":53,"column":-965}},"locations":[{"start":{"line":1,"column":0},"end":{"line":53,"column":-965}}]}},"b":{"0":[0]},"fnMap":{"0":{"name":"(empty-report)","decl":{"start":{"line":1,"column":0},"end":{"line":53,"column":-965}},"loc":{"start":{"line":1,"column":0},"end":{"line":53,"column":-965}},"line":1}},"f":{"0":0}}
,"C:\\Users\\mssli\\OneDrive\\Documents\\GitHub\\YellowTeam-GoodNeighbor\\src\\Home.jsx": {"path":"C:\\Users\\mssli\\OneDrive\\Documents\\GitHub\\YellowTeam-GoodNeighbor\\src\\Home.jsx","all":true,"statementMap":{"0":{"start":{"line":1,"column":0},"end":{"line":1,"column":21}},"2":{"start":{"line":3,"column":0},"end":{"line":3,"column":24}},"3":{"start":{"line":4,"column":0},"end":{"line":4,"column":12}},"4":{"start":{"line":5,"column":0},"end":{"line":5,"column":38}},"5":{"start":{"line":6,"column":0},"end":{"line":6,"column":37}},"6":{"start":{"line":7,"column":0},"end":{"line":7,"column":39}},"7":{"start":{"line":8,"column":0},"end":{"line":8,"column":52}},"8":{"start":{"line":9,"column":0},"end":{"line":9,"column":22}},"9":{"start":{"line":10,"column":0},"end":{"line":10,"column":48}},"11":{"start":{"line":12,"column":0},"end":{"line":12,"column":18}},"12":{"start":{"line":13,"column":0},"end":{"line":13,"column":14}},"14":{"start":{"line":15,"column":0},"end":{"line":15,"column":1}},"15":{"start":{"line":16,"column":0},"end":{"line":16,"column":24}}},"s":{"0":0,"2":0,"3":0,"4":0,"5":0,"6":0,"7":0,"8":0,"9":0,"11":0,"12":0,"14":0,"15":0},"branchMap":{"0":{"type":"branch","line":1,"loc":{"start":{"line":1,"column":0},"end":{"line":16,"column":-217}},"locations":[{"start":{"line":1,"column":0},"end":{"line":16,"column":-217}}]}},"b":{"0":[0]},"fnMap":{"0":{"name":"(empty-report)","decl":{"start":{"line":1,"column":0},"end":{"line":16,"column":-217}},"loc":{"start":{"line":1,"column":0},"end":{"line":16,"column":-217}},"line":1}},"f":{"0":0}}
,"C:\\Users\\mssli\\OneDrive\\Documents\\GitHub\\YellowTeam-GoodNeighbor\\src\\SignIn.jsx": {"path":"C:\\Users\\mssli\\OneDrive\\Documents\\GitHub\\YellowTeam-GoodNeighbor\\src\\SignIn.jsx","all":true,"statementMap":{"0":{"start":{"line":1,"column":0},"end":{"line":1,"column":53}},"1":{"start":{"line":2,"column":0},"end":{"line":2,"column":21}},"2":{"start":{"line":3,"column":0},"end":{"line":3,"column":49}},"4":{"start":{"line":5,"column":0},"end":{"line":5,"column":26}},"5":{"start":{"line":6,"column":0},"end":{"line":6,"column":12}},"6":{"start":{"line":7,"column":0},"end":{"line":7,"column":38}},"7":{"start":{"line":8,"column":0},"end":{"line":8,"column":37}},"8":{"start":{"line":9,"column":0},"end":{"line":9,"column":39}},"9":{"start":{"line":10,"column":0},"end":{"line":10,"column":52}},"10":{"start":{"line":11,"column":0},"end":{"line":11,"column":22}},"11":{"start":{"line":12,"column":0},"end":{"line":12,"column":54}},"12":{"start":{"line":13,"column":0},"end":{"line":13,"column":30}},"13":{"start":{"line":14,"column":0},"end":{"line":14,"column":18}},"14":{"start":{"line":15,"column":0},"end":{"line":15,"column":14}},"16":{"start":{"line":17,"column":0},"end":{"line":17,"column":1}},"17":{"start":{"line":18,"column":0},"end":{"line":18,"column":26}}},"s":{"0":0,"1":0,"2":0,"4":0,"5":0,"6":0,"7":0,"8":0,"9":0,"10":0,"11":0,"12":0,"13":0,"14":0,"16":0,"17":0},"branchMap":{"0":{"type":"branch","line":1,"loc":{"start":{"line":1,"column":0},"end":{"line":18,"column":-310}},"locations":[{"start":{"line":1,"column":0},"end":{"line":18,"column":-310}}]}},"b":{"0":[0]},"fnMap":{"0":{"name":"(empty-report)","decl":{"start":{"line":1,"column":0},"end":{"line":18,"column":-310}},"loc":{"start":{"line":1,"column":0},"end":{"line":18,"column":-310}},"line":1}},"f":{"0":0}}
,"C:\\Users\\mssli\\OneDrive\\Documents\\GitHub\\YellowTeam-GoodNeighbor\\src\\index.jsx": {"path":"C:\\Users\\mssli\\OneDrive\\Documents\\GitHub\\YellowTeam-GoodNeighbor\\src\\index.jsx","all":true,"statementMap":{"0":{"start":{"line":1,"column":0},"end":{"line":1,"column":26}},"1":{"start":{"line":2,"column":0},"end":{"line":2,"column":40}},"2":{"start":{"line":3,"column":0},"end":{"line":3,"column":21}},"3":{"start":{"line":4,"column":0},"end":{"line":4,"column":24}},"5":{"start":{"line":6,"column":0},"end":{"line":6,"column":66}},"7":{"start":{"line":8,"column":0},"end":{"line":8,"column":12}},"8":{"start":{"line":9,"column":0},"end":{"line":9,"column":20}},"9":{"start":{"line":10,"column":0},"end":{"line":10,"column":11}},"10":{"start":{"line":11,"column":0},"end":{"line":11,"column":21}},"11":{"start":{"line":12,"column":0},"end":{"line":12,"column":2}}},"s":{"0":0,"1":0,"2":0,"3":0,"5":0,"7":0,"8":0,"9":0,"10":0,"11":0},"branchMap":{"0":{"type":"branch","line":1,"loc":{"start":{"line":1,"column":265},"end":{"line":12,"column":2}},"locations":[{"start":{"line":1,"column":265},"end":{"line":12,"column":2}}]}},"b":{"0":[0]},"fnMap":{"0":{"name":"(empty-report)","decl":{"start":{"line":1,"column":265},"end":{"line":12,"column":2}},"loc":{"start":{"line":1,"column":265},"end":{"line":12,"column":2}},"line":1}},"f":{"0":0}}
,"C:\\Users\\mssli\\OneDrive\\Documents\\GitHub\\YellowTeam-GoodNeighbor\\src\\components\\AuthButton.jsx": {"path":"C:\\Users\\mssli\\OneDrive\\Documents\\GitHub\\YellowTeam-GoodNeighbor\\src\\components\\AuthButton.jsx","all":true,"statementMap":{"0":{"start":{"line":1,"column":0},"end":{"line":1,"column":80}},"2":{"start":{"line":3,"column":0},"end":{"line":3,"column":28}},"3":{"start":{"line":4,"column":0},"end":{"line":4,"column":72}},"6":{"start":{"line":7,"column":0},"end":{"line":7,"column":29}},"7":{"start":{"line":8,"column":0},"end":{"line":8,"column":64}},"10":{"start":{"line":11,"column":0},"end":{"line":11,"column":26}},"11":{"start":{"line":12,"column":0},"end":{"line":12,"column":32}},"12":{"start":{"line":13,"column":0},"end":{"line":13,"column":53}},"13":{"start":{"line":14,"column":0},"end":{"line":14,"column":2}},"15":{"start":{"line":16,"column":0},"end":{"line":16,"column":68}},"18":{"start":{"line":19,"column":0},"end":{"line":19,"column":26}}},"s":{"0":0,"2":0,"3":0,"6":0,"7":0,"10":0,"11":0,"12":0,"13":0,"15":0,"18":0},"branchMap":{"0":{"type":"branch","line":1,"loc":{"start":{"line":1,"column":0},"end":{"line":19,"column":-377}},"locations":[{"start":{"line":1,"column":0},"end":{"line":19,"column":-377}}]}},"b":{"0":[0]},"fnMap":{"0":{"name":"(empty-report)","decl":{"start":{"line":1,"column":0},"end":{"line":19,"column":-377}},"loc":{"start":{"line":1,"column":0},"end":{"line":19,"column":-377}},"line":1}},"f":{"0":0}}
,"C:\\Users\\mssli\\OneDrive\\Documents\\GitHub\\YellowTeam-GoodNeighbor\\src\\components\\Buttons.jsx": {"path":"C:\\Users\\mssli\\OneDrive\\Documents\\GitHub\\YellowTeam-GoodNeighbor\\src\\components\\Buttons.jsx","all":false,"statementMap":{"0":{"start":{"line":1,"column":0},"end":{"line":1,"column":40}},"1":{"start":{"line":2,"column":0},"end":{"line":2,"column":57}},"2":{"start":{"line":3,"column":0},"end":{"line":3,"column":80}},"3":{"start":{"line":4,"column":0},"end":{"line":4,"column":22}},"5":{"start":{"line":6,"column":0},"end":{"line":6,"column":51}},"6":{"start":{"line":7,"column":0},"end":{"line":7,"column":44}},"7":{"start":{"line":8,"column":0},"end":{"line":8,"column":21}},"8":{"start":{"line":9,"column":0},"end":{"line":9,"column":21}},"11":{"start":{"line":12,"column":0},"end":{"line":12,"column":50}},"12":{"start":{"line":13,"column":0},"end":{"line":13,"column":77}},"15":{"start":{"line":16,"column":0},"end":{"line":16,"column":69}},"16":{"start":{"line":17,"column":0},"end":{"line":17,"column":54}},"18":{"start":{"line":19,"column":0},"end":{"line":19,"column":32}},"19":{"start":{"line":20,"column":0},"end":{"line":20,"column":22}},"20":{"start":{"line":21,"column":0},"end":{"line":21,"column":61}},"21":{"start":{"line":22,"column":0},"end":{"line":22,"column":22}},"22":{"start":{"line":23,"column":0},"end":{"line":23,"column":78}},"23":{"start":{"line":24,"column":0},"end":{"line":24,"column":9}},"24":{"start":{"line":25,"column":0},"end":{"line":25,"column":7}},"25":{"start":{"line":26,"column":0},"end":{"line":26,"column":6}},"27":{"start":{"line":28,"column":0},"end":{"line":28,"column":12}},"28":{"start":{"line":29,"column":0},"end":{"line":29,"column":13}},"29":{"start":{"line":30,"column":0},"end":{"line":30,"column":78}},"30":{"start":{"line":31,"column":0},"end":{"line":31,"column":35}},"31":{"start":{"line":32,"column":0},"end":{"line":32,"column":29}},"32":{"start":{"line":33,"column":0},"end":{"line":33,"column":27}},"33":{"start":{"line":34,"column":0},"end":{"line":34,"column":17}},"35":{"start":{"line":36,"column":0},"end":{"line":36,"column":14}},"36":{"start":{"line":37,"column":0},"end":{"line":37,"column":15}},"38":{"start":{"line":39,"column":0},"end":{"line":39,"column":4}},"40":{"start":{"line":41,"column":0},"end":{"line":41,"column":28}},"41":{"start":{"line":42,"column":0},"end":{"line":42,"column":34}},"42":{"start":{"line":43,"column":0},"end":{"line":43,"column":130}},"43":{"start":{"line":44,"column":0},"end":{"line":44,"column":4}},"45":{"start":{"line":46,"column":0},"end":{"line":46,"column":28}}},"s":{"0":1,"1":1,"2":1,"3":1,"5":1,"6":2,"7":2,"8":2,"11":1,"12":0,"15":1,"16":0,"18":0,"19":0,"20":0,"21":0,"22":0,"23":0,"24":0,"25":0,"27":0,"28":0,"29":0,"30":0,"31":0,"32":0,"33":0,"35":0,"36":0,"38":0,"40":1,"41":0,"42":0,"43":0,"45":1},"branchMap":{"0":{"type":"branch","line":6,"loc":{"start":{"line":6,"column":29},"end":{"line":9,"column":21}},"locations":[{"start":{"line":6,"column":29},"end":{"line":9,"column":21}}]}},"b":{"0":[2]},"fnMap":{"0":{"name":"GreenButton","decl":{"start":{"line":6,"column":29},"end":{"line":9,"column":21}},"loc":{"start":{"line":6,"column":29},"end":{"line":9,"column":21}},"line":6},"1":{"name":"GreyButton","decl":{"start":{"line":12,"column":28},"end":{"line":13,"column":77}},"loc":{"start":{"line":12,"column":28},"end":{"line":13,"column":77}},"line":12},"2":{"name":"GreyOutlineButton","decl":{"start":{"line":16,"column":35},"end":{"line":39,"column":4}},"loc":{"start":{"line":16,"column":35},"end":{"line":39,"column":4}},"line":16},"3":{"name":"AuthButton","decl":{"start":{"line":41,"column":21},"end":{"line":44,"column":4}},"loc":{"start":{"line":41,"column":21},"end":{"line":44,"column":4}},"line":41}},"f":{"0":2,"1":0,"2":0,"3":0}}
,"C:\\Users\\mssli\\OneDrive\\Documents\\GitHub\\YellowTeam-GoodNeighbor\\src\\components\\CountdownTimer.jsx": {"path":"C:\\Users\\mssli\\OneDrive\\Documents\\GitHub\\YellowTeam-GoodNeighbor\\src\\components\\CountdownTimer.jsx","all":false,"statementMap":{"0":{"start":{"line":1,"column":0},"end":{"line":1,"column":51}},"1":{"start":{"line":2,"column":0},"end":{"line":2,"column":65}},"3":{"start":{"line":4,"column":0},"end":{"line":4,"column":36}},"4":{"start":{"line":5,"column":0},"end":{"line":5,"column":44}},"5":{"start":{"line":6,"column":0},"end":{"line":6,"column":40}},"6":{"start":{"line":7,"column":0},"end":{"line":7,"column":34}},"7":{"start":{"line":8,"column":0},"end":{"line":8,"column":18}},"8":{"start":{"line":9,"column":0},"end":{"line":9,"column":16}},"9":{"start":{"line":10,"column":0},"end":{"line":10,"column":27}},"11":{"start":{"line":12,"column":0},"end":{"line":12,"column":5}},"12":{"start":{"line":13,"column":0},"end":{"line":13,"column":10}},"13":{"start":{"line":14,"column":0},"end":{"line":14,"column":23}},"14":{"start":{"line":15,"column":0},"end":{"line":15,"column":19}},"15":{"start":{"line":16,"column":0},"end":{"line":16,"column":33}},"17":{"start":{"line":18,"column":0},"end":{"line":18,"column":9}},"18":{"start":{"line":19,"column":0},"end":{"line":19,"column":13}},"19":{"start":{"line":20,"column":0},"end":{"line":20,"column":38}},"20":{"start":{"line":21,"column":0},"end":{"line":21,"column":9}},"21":{"start":{"line":22,"column":0},"end":{"line":22,"column":5}},"22":{"start":{"line":23,"column":0},"end":{"line":23,"column":1}},"24":{"start":{"line":25,"column":0},"end":{"line":25,"column":39}},"26":{"start":{"line":27,"column":0},"end":{"line":27,"column":57}},"27":{"start":{"line":28,"column":0},"end":{"line":28,"column":108}},"28":{"start":{"line":29,"column":0},"end":{"line":29,"column":78}},"30":{"start":{"line":31,"column":0},"end":{"line":31,"column":19}},"31":{"start":{"line":32,"column":0},"end":{"line":32,"column":45}},"32":{"start":{"line":33,"column":0},"end":{"line":33,"column":80}},"33":{"start":{"line":34,"column":0},"end":{"line":34,"column":31}},"34":{"start":{"line":35,"column":0},"end":{"line":35,"column":74}},"35":{"start":{"line":36,"column":0},"end":{"line":36,"column":16}},"36":{"start":{"line":37,"column":0},"end":{"line":37,"column":39}},"37":{"start":{"line":38,"column":0},"end":{"line":38,"column":14}},"38":{"start":{"line":39,"column":0},"end":{"line":39,"column":27}},"39":{"start":{"line":40,"column":0},"end":{"line":40,"column":64}},"40":{"start":{"line":41,"column":0},"end":{"line":41,"column":13}},"41":{"start":{"line":42,"column":0},"end":{"line":42,"column":9}},"43":{"start":{"line":44,"column":0},"end":{"line":44,"column":15}},"46":{"start":{"line":47,"column":0},"end":{"line":47,"column":46}},"47":{"start":{"line":48,"column":0},"end":{"line":48,"column":10}},"49":{"start":{"line":50,"column":0},"end":{"line":50,"column":11}},"50":{"start":{"line":51,"column":0},"end":{"line":51,"column":54}},"52":{"start":{"line":53,"column":0},"end":{"line":53,"column":1}},"53":{"start":{"line":54,"column":0},"end":{"line":54,"column":30}}},"s":{"0":1,"1":1,"3":1,"4":1,"5":1,"6":1,"7":1,"8":1,"9":1,"11":1,"12":0,"13":0,"14":0,"15":0,"17":0,"18":0,"19":0,"20":0,"21":0,"22":1,"24":1,"26":1,"27":1,"28":1,"30":1,"31":1,"32":0,"33":0,"34":0,"35":0,"36":0,"37":0,"38":0,"39":0,"40":0,"41":0,"43":1,"46":1,"47":1,"49":1,"50":1,"52":1,"53":1},"branchMap":{"0":{"type":"branch","line":4,"loc":{"start":{"line":4,"column":24},"end":{"line":23,"column":1}},"locations":[{"start":{"line":4,"column":24},"end":{"line":23,"column":1}}]},"1":{"type":"branch","line":12,"loc":{"start":{"line":12,"column":4},"end":{"line":22,"column":5}},"locations":[{"start":{"line":12,"column":4},"end":{"line":22,"column":5}}]},"2":{"type":"branch","line":25,"loc":{"start":{"line":25,"column":23},"end":{"line":53,"column":1}},"locations":[{"start":{"line":25,"column":23},"end":{"line":53,"column":1}}]},"3":{"type":"branch","line":31,"loc":{"start":{"line":31,"column":12},"end":{"line":48,"column":6}},"locations":[{"start":{"line":31,"column":12},"end":{"line":48,"column":6}}]},"4":{"type":"branch","line":47,"loc":{"start":{"line":47,"column":11},"end":{"line":47,"column":46}},"locations":[{"start":{"line":47,"column":11},"end":{"line":47,"column":46}}]}},"b":{"0":[1],"1":[0],"2":[1],"3":[1],"4":[1]},"fnMap":{"0":{"name":"calcTime","decl":{"start":{"line":4,"column":24},"end":{"line":23,"column":1}},"loc":{"start":{"line":4,"column":24},"end":{"line":23,"column":1}},"line":4},"1":{"name":"CountdownTimer","decl":{"start":{"line":25,"column":23},"end":{"line":53,"column":1}},"loc":{"start":{"line":25,"column":23},"end":{"line":53,"column":1}},"line":25}},"f":{"0":1,"1":1}}
,"C:\\Users\\mssli\\OneDrive\\Documents\\GitHub\\YellowTeam-GoodNeighbor\\src\\components\\EditProfileModal.jsx": {"path":"C:\\Users\\mssli\\OneDrive\\Documents\\GitHub\\YellowTeam-GoodNeighbor\\src\\components\\EditProfileModal.jsx","all":true,"statementMap":{"0":{"start":{"line":1,"column":0},"end":{"line":1,"column":18}},"1":{"start":{"line":2,"column":0},"end":{"line":2,"column":25}},"2":{"start":{"line":3,"column":0},"end":{"line":3,"column":44}},"3":{"start":{"line":4,"column":0},"end":{"line":4,"column":31}},"4":{"start":{"line":5,"column":0},"end":{"line":5,"column":63}},"7":{"start":{"line":8,"column":0},"end":{"line":8,"column":51}},"8":{"start":{"line":9,"column":0},"end":{"line":9,"column":68}},"10":{"start":{"line":11,"column":0},"end":{"line":11,"column":47}},"11":{"start":{"line":12,"column":0},"end":{"line":12,"column":51}},"12":{"start":{"line":13,"column":0},"end":{"line":13,"column":41}},"13":{"start":{"line":14,"column":0},"end":{"line":14,"column":46}},"14":{"start":{"line":15,"column":0},"end":{"line":15,"column":39}},"15":{"start":{"line":16,"column":0},"end":{"line":16,"column":65}},"17":{"start":{"line":18,"column":0},"end":{"line":18,"column":65}},"20":{"start":{"line":21,"column":0},"end":{"line":21,"column":21}},"21":{"start":{"line":22,"column":0},"end":{"line":22,"column":23}},"22":{"start":{"line":23,"column":0},"end":{"line":23,"column":48}},"23":{"start":{"line":24,"column":0},"end":{"line":24,"column":52}},"24":{"start":{"line":25,"column":0},"end":{"line":25,"column":41}},"25":{"start":{"line":26,"column":0},"end":{"line":26,"column":49}},"26":{"start":{"line":27,"column":0},"end":{"line":27,"column":39}},"27":{"start":{"line":28,"column":0},"end":{"line":28,"column":65}},"28":{"start":{"line":29,"column":0},"end":{"line":29,"column":9}},"29":{"start":{"line":30,"column":0},"end":{"line":30,"column":19}},"31":{"start":{"line":32,"column":0},"end":{"line":32,"column":36}},"32":{"start":{"line":33,"column":0},"end":{"line":33,"column":25}},"33":{"start":{"line":34,"column":0},"end":{"line":34,"column":29}},"34":{"start":{"line":35,"column":0},"end":{"line":35,"column":33}},"35":{"start":{"line":36,"column":0},"end":{"line":36,"column":23}},"36":{"start":{"line":37,"column":0},"end":{"line":37,"column":28}},"37":{"start":{"line":38,"column":0},"end":{"line":38,"column":21}},"38":{"start":{"line":39,"column":0},"end":{"line":39,"column":46}},"39":{"start":{"line":40,"column":0},"end":{"line":40,"column":10}},"41":{"start":{"line":42,"column":0},"end":{"line":42,"column":13}},"42":{"start":{"line":43,"column":0},"end":{"line":43,"column":38}},"43":{"start":{"line":44,"column":0},"end":{"line":44,"column":57}},"45":{"start":{"line":46,"column":0},"end":{"line":46,"column":25}},"46":{"start":{"line":47,"column":0},"end":{"line":47,"column":25}},"47":{"start":{"line":48,"column":0},"end":{"line":48,"column":60}},"48":{"start":{"line":49,"column":0},"end":{"line":49,"column":9}},"49":{"start":{"line":50,"column":0},"end":{"line":50,"column":6}},"53":{"start":{"line":54,"column":0},"end":{"line":54,"column":20}},"54":{"start":{"line":55,"column":0},"end":{"line":55,"column":34}},"55":{"start":{"line":56,"column":0},"end":{"line":56,"column":5}},"57":{"start":{"line":58,"column":0},"end":{"line":58,"column":12}},"58":{"start":{"line":59,"column":0},"end":{"line":59,"column":41}},"59":{"start":{"line":60,"column":0},"end":{"line":60,"column":44}},"63":{"start":{"line":64,"column":0},"end":{"line":64,"column":39}},"64":{"start":{"line":65,"column":0},"end":{"line":65,"column":41}},"65":{"start":{"line":66,"column":0},"end":{"line":66,"column":22}},"66":{"start":{"line":67,"column":0},"end":{"line":67,"column":38}},"69":{"start":{"line":70,"column":0},"end":{"line":70,"column":45}},"70":{"start":{"line":71,"column":0},"end":{"line":71,"column":45}},"71":{"start":{"line":72,"column":0},"end":{"line":72,"column":30}},"72":{"start":{"line":73,"column":0},"end":{"line":73,"column":55}},"73":{"start":{"line":74,"column":0},"end":{"line":74,"column":43}},"74":{"start":{"line":75,"column":0},"end":{"line":75,"column":72}},"75":{"start":{"line":76,"column":0},"end":{"line":76,"column":60}},"76":{"start":{"line":77,"column":0},"end":{"line":77,"column":26}},"77":{"start":{"line":78,"column":0},"end":{"line":78,"column":30}},"78":{"start":{"line":79,"column":0},"end":{"line":79,"column":55}},"79":{"start":{"line":80,"column":0},"end":{"line":80,"column":45}},"80":{"start":{"line":81,"column":0},"end":{"line":81,"column":74}},"81":{"start":{"line":82,"column":0},"end":{"line":82,"column":64}},"82":{"start":{"line":83,"column":0},"end":{"line":83,"column":26}},"83":{"start":{"line":84,"column":0},"end":{"line":84,"column":30}},"84":{"start":{"line":85,"column":0},"end":{"line":85,"column":55}},"85":{"start":{"line":86,"column":0},"end":{"line":86,"column":40}},"86":{"start":{"line":87,"column":0},"end":{"line":87,"column":69}},"87":{"start":{"line":88,"column":0},"end":{"line":88,"column":46}},"88":{"start":{"line":89,"column":0},"end":{"line":89,"column":26}},"93":{"start":{"line":94,"column":0},"end":{"line":94,"column":52}},"96":{"start":{"line":97,"column":0},"end":{"line":97,"column":34}},"97":{"start":{"line":98,"column":0},"end":{"line":98,"column":49}},"98":{"start":{"line":99,"column":0},"end":{"line":99,"column":45}},"99":{"start":{"line":100,"column":0},"end":{"line":100,"column":77}},"100":{"start":{"line":101,"column":0},"end":{"line":101,"column":51}},"101":{"start":{"line":102,"column":0},"end":{"line":102,"column":30}},"102":{"start":{"line":103,"column":0},"end":{"line":103,"column":34}},"103":{"start":{"line":104,"column":0},"end":{"line":104,"column":49}},"104":{"start":{"line":105,"column":0},"end":{"line":105,"column":43}},"105":{"start":{"line":106,"column":0},"end":{"line":106,"column":72}},"106":{"start":{"line":107,"column":0},"end":{"line":107,"column":54}},"107":{"start":{"line":108,"column":0},"end":{"line":108,"column":30}},"108":{"start":{"line":109,"column":0},"end":{"line":109,"column":30}},"109":{"start":{"line":110,"column":0},"end":{"line":110,"column":26}},"112":{"start":{"line":113,"column":0},"end":{"line":113,"column":50}},"113":{"start":{"line":114,"column":0},"end":{"line":114,"column":51}},"115":{"start":{"line":116,"column":0},"end":{"line":116,"column":30}},"116":{"start":{"line":117,"column":0},"end":{"line":117,"column":45}},"117":{"start":{"line":118,"column":0},"end":{"line":118,"column":52}},"118":{"start":{"line":119,"column":0},"end":{"line":119,"column":81}},"119":{"start":{"line":120,"column":0},"end":{"line":120,"column":65}},"120":{"start":{"line":121,"column":0},"end":{"line":121,"column":26}},"121":{"start":{"line":122,"column":0},"end":{"line":122,"column":120}},"122":{"start":{"line":123,"column":0},"end":{"line":123,"column":26}},"124":{"start":{"line":125,"column":0},"end":{"line":125,"column":22}},"125":{"start":{"line":126,"column":0},"end":{"line":126,"column":40}},"126":{"start":{"line":127,"column":0},"end":{"line":127,"column":93}},"127":{"start":{"line":128,"column":0},"end":{"line":128,"column":84}},"128":{"start":{"line":129,"column":0},"end":{"line":129,"column":22}},"131":{"start":{"line":132,"column":0},"end":{"line":132,"column":18}},"132":{"start":{"line":133,"column":0},"end":{"line":133,"column":14}},"134":{"start":{"line":135,"column":0},"end":{"line":135,"column":1}},"136":{"start":{"line":137,"column":0},"end":{"line":137,"column":31}}},"s":{"0":0,"1":0,"2":0,"3":0,"4":0,"7":0,"8":0,"10":0,"11":0,"12":0,"13":0,"14":0,"15":0,"17":0,"20":0,"21":0,"22":0,"23":0,"24":0,"25":0,"26":0,"27":0,"28":0,"29":0,"31":0,"32":0,"33":0,"34":0,"35":0,"36":0,"37":0,"38":0,"39":0,"41":0,"42":0,"43":0,"45":0,"46":0,"47":0,"48":0,"49":0,"53":0,"54":0,"55":0,"57":0,"58":0,"59":0,"63":0,"64":0,"65":0,"66":0,"69":0,"70":0,"71":0,"72":0,"73":0,"74":0,"75":0,"76":0,"77":0,"78":0,"79":0,"80":0,"81":0,"82":0,"83":0,"84":0,"85":0,"86":0,"87":0,"88":0,"93":0,"96":0,"97":0,"98":0,"99":0,"100":0,"101":0,"102":0,"103":0,"104":0,"105":0,"106":0,"107":0,"108":0,"109":0,"112":0,"113":0,"115":0,"116":0,"117":0,"118":0,"119":0,"120":0,"121":0,"122":0,"124":0,"125":0,"126":0,"127":0,"128":0,"131":0,"132":0,"134":0,"136":0},"branchMap":{"0":{"type":"branch","line":1,"loc":{"start":{"line":1,"column":0},"end":{"line":137,"column":-1783}},"locations":[{"start":{"line":1,"column":0},"end":{"line":137,"column":-1783}}]}},"b":{"0":[0]},"fnMap":{"0":{"name":"(empty-report)","decl":{"start":{"line":1,"column":0},"end":{"line":137,"column":-1783}},"loc":{"start":{"line":1,"column":0},"end":{"line":137,"column":-1783}},"line":1}},"f":{"0":0}}
,"C:\\Users\\mssli\\OneDrive\\Documents\\GitHub\\YellowTeam-GoodNeighbor\\src\\components\\Form.jsx": {"path":"C:\\Users\\mssli\\OneDrive\\Documents\\GitHub\\YellowTeam-GoodNeighbor\\src\\components\\Form.jsx","all":false,"statementMap":{"0":{"start":{"line":1,"column":0},"end":{"line":1,"column":25}},"1":{"start":{"line":2,"column":0},"end":{"line":2,"column":51}},"2":{"start":{"line":3,"column":0},"end":{"line":3,"column":92}},"3":{"start":{"line":4,"column":0},"end":{"line":4,"column":65}},"4":{"start":{"line":5,"column":0},"end":{"line":5,"column":47}},"6":{"start":{"line":7,"column":0},"end":{"line":7,"column":71}},"7":{"start":{"line":8,"column":0},"end":{"line":8,"column":19}},"9":{"start":{"line":10,"column":0},"end":{"line":10,"column":63}},"10":{"start":{"line":11,"column":0},"end":{"line":11,"column":21}},"11":{"start":{"line":12,"column":0},"end":{"line":12,"column":25}},"12":{"start":{"line":13,"column":0},"end":{"line":13,"column":20}},"13":{"start":{"line":14,"column":0},"end":{"line":14,"column":24}},"14":{"start":{"line":15,"column":0},"end":{"line":15,"column":55}},"15":{"start":{"line":16,"column":0},"end":{"line":16,"column":33}},"16":{"start":{"line":17,"column":0},"end":{"line":17,"column":37}},"17":{"start":{"line":18,"column":0},"end":{"line":18,"column":52}},"18":{"start":{"line":19,"column":0},"end":{"line":19,"column":10}},"21":{"start":{"line":22,"column":0},"end":{"line":22,"column":59}},"22":{"start":{"line":23,"column":0},"end":{"line":23,"column":80}},"23":{"start":{"line":24,"column":0},"end":{"line":24,"column":34}},"24":{"start":{"line":25,"column":0},"end":{"line":25,"column":36}},"25":{"start":{"line":26,"column":0},"end":{"line":26,"column":55}},"26":{"start":{"line":27,"column":0},"end":{"line":27,"column":39}},"27":{"start":{"line":28,"column":0},"end":{"line":28,"column":99}},"28":{"start":{"line":29,"column":0},"end":{"line":29,"column":42}},"30":{"start":{"line":31,"column":0},"end":{"line":31,"column":40}},"31":{"start":{"line":32,"column":0},"end":{"line":32,"column":50}},"32":{"start":{"line":33,"column":0},"end":{"line":33,"column":54}},"33":{"start":{"line":34,"column":0},"end":{"line":34,"column":157}},"34":{"start":{"line":35,"column":0},"end":{"line":35,"column":57}},"35":{"start":{"line":36,"column":0},"end":{"line":36,"column":39}},"36":{"start":{"line":37,"column":0},"end":{"line":37,"column":23}},"37":{"start":{"line":38,"column":0},"end":{"line":38,"column":41}},"38":{"start":{"line":39,"column":0},"end":{"line":39,"column":29}},"39":{"start":{"line":40,"column":0},"end":{"line":40,"column":34}},"40":{"start":{"line":41,"column":0},"end":{"line":41,"column":16}},"41":{"start":{"line":42,"column":0},"end":{"line":42,"column":47}},"42":{"start":{"line":43,"column":0},"end":{"line":43,"column":30}},"43":{"start":{"line":44,"column":0},"end":{"line":44,"column":14}},"44":{"start":{"line":45,"column":0},"end":{"line":45,"column":27}},"45":{"start":{"line":46,"column":0},"end":{"line":46,"column":64}},"46":{"start":{"line":47,"column":0},"end":{"line":47,"column":13}},"47":{"start":{"line":48,"column":0},"end":{"line":48,"column":9}},"48":{"start":{"line":49,"column":0},"end":{"line":49,"column":14}},"49":{"start":{"line":50,"column":0},"end":{"line":50,"column":25}},"50":{"start":{"line":51,"column":0},"end":{"line":51,"column":9}},"51":{"start":{"line":52,"column":0},"end":{"line":52,"column":15}},"52":{"start":{"line":53,"column":0},"end":{"line":53,"column":5}},"54":{"start":{"line":55,"column":0},"end":{"line":55,"column":43}},"55":{"start":{"line":56,"column":0},"end":{"line":56,"column":22}},"56":{"start":{"line":57,"column":0},"end":{"line":57,"column":67}},"57":{"start":{"line":58,"column":0},"end":{"line":58,"column":6}},"59":{"start":{"line":60,"column":0},"end":{"line":60,"column":12}},"61":{"start":{"line":62,"column":0},"end":{"line":62,"column":36}},"62":{"start":{"line":63,"column":0},"end":{"line":63,"column":76}},"64":{"start":{"line":65,"column":0},"end":{"line":65,"column":73}},"65":{"start":{"line":66,"column":0},"end":{"line":66,"column":57}},"66":{"start":{"line":67,"column":0},"end":{"line":67,"column":33}},"67":{"start":{"line":68,"column":0},"end":{"line":68,"column":41}},"68":{"start":{"line":69,"column":0},"end":{"line":69,"column":43}},"69":{"start":{"line":70,"column":0},"end":{"line":70,"column":50}},"70":{"start":{"line":71,"column":0},"end":{"line":71,"column":73}},"71":{"start":{"line":72,"column":0},"end":{"line":72,"column":33}},"72":{"start":{"line":73,"column":0},"end":{"line":73,"column":22}},"73":{"start":{"line":74,"column":0},"end":{"line":74,"column":29}},"75":{"start":{"line":76,"column":0},"end":{"line":76,"column":27}},"76":{"start":{"line":77,"column":0},"end":{"line":77,"column":36}},"77":{"start":{"line":78,"column":0},"end":{"line":78,"column":43}},"79":{"start":{"line":80,"column":0},"end":{"line":80,"column":52}},"80":{"start":{"line":81,"column":0},"end":{"line":81,"column":34}},"81":{"start":{"line":82,"column":0},"end":{"line":82,"column":41}},"82":{"start":{"line":83,"column":0},"end":{"line":83,"column":38}},"83":{"start":{"line":84,"column":0},"end":{"line":84,"column":33}},"84":{"start":{"line":85,"column":0},"end":{"line":85,"column":54}},"85":{"start":{"line":86,"column":0},"end":{"line":86,"column":56}},"86":{"start":{"line":87,"column":0},"end":{"line":87,"column":64}},"87":{"start":{"line":88,"column":0},"end":{"line":88,"column":22}},"88":{"start":{"line":89,"column":0},"end":{"line":89,"column":29}},"89":{"start":{"line":90,"column":0},"end":{"line":90,"column":27}},"90":{"start":{"line":91,"column":0},"end":{"line":91,"column":36}},"91":{"start":{"line":92,"column":0},"end":{"line":92,"column":43}},"93":{"start":{"line":94,"column":0},"end":{"line":94,"column":74}},"94":{"start":{"line":95,"column":0},"end":{"line":95,"column":54}},"95":{"start":{"line":96,"column":0},"end":{"line":96,"column":67}},"96":{"start":{"line":97,"column":0},"end":{"line":97,"column":35}},"97":{"start":{"line":98,"column":0},"end":{"line":98,"column":59}},"98":{"start":{"line":99,"column":0},"end":{"line":99,"column":55}},"99":{"start":{"line":100,"column":0},"end":{"line":100,"column":82}},"100":{"start":{"line":101,"column":0},"end":{"line":101,"column":53}},"101":{"start":{"line":102,"column":0},"end":{"line":102,"column":103}},"102":{"start":{"line":103,"column":0},"end":{"line":103,"column":38}},"104":{"start":{"line":105,"column":0},"end":{"line":105,"column":27}},"105":{"start":{"line":106,"column":0},"end":{"line":106,"column":26}},"106":{"start":{"line":107,"column":0},"end":{"line":107,"column":29}},"108":{"start":{"line":109,"column":0},"end":{"line":109,"column":25}},"109":{"start":{"line":110,"column":0},"end":{"line":110,"column":77}},"111":{"start":{"line":112,"column":0},"end":{"line":112,"column":32}},"114":{"start":{"line":115,"column":0},"end":{"line":115,"column":63}},"115":{"start":{"line":116,"column":0},"end":{"line":116,"column":81}},"116":{"start":{"line":117,"column":0},"end":{"line":117,"column":22}},"117":{"start":{"line":118,"column":0},"end":{"line":118,"column":19}},"118":{"start":{"line":119,"column":0},"end":{"line":119,"column":20}},"121":{"start":{"line":122,"column":0},"end":{"line":122,"column":1}},"123":{"start":{"line":124,"column":0},"end":{"line":124,"column":38}},"124":{"start":{"line":125,"column":0},"end":{"line":125,"column":55}},"125":{"start":{"line":126,"column":0},"end":{"line":126,"column":57}},"126":{"start":{"line":127,"column":0},"end":{"line":127,"column":61}},"128":{"start":{"line":129,"column":0},"end":{"line":129,"column":93}},"129":{"start":{"line":130,"column":0},"end":{"line":130,"column":97}},"130":{"start":{"line":131,"column":0},"end":{"line":131,"column":99}},"132":{"start":{"line":133,"column":0},"end":{"line":133,"column":31}},"133":{"start":{"line":134,"column":0},"end":{"line":134,"column":79}},"134":{"start":{"line":135,"column":0},"end":{"line":135,"column":26}},"135":{"start":{"line":136,"column":0},"end":{"line":136,"column":6}},"137":{"start":{"line":138,"column":0},"end":{"line":138,"column":12}},"138":{"start":{"line":139,"column":0},"end":{"line":139,"column":36}},"139":{"start":{"line":140,"column":0},"end":{"line":140,"column":52}},"140":{"start":{"line":141,"column":0},"end":{"line":141,"column":31}},"141":{"start":{"line":142,"column":0},"end":{"line":142,"column":36}},"142":{"start":{"line":143,"column":0},"end":{"line":143,"column":43}},"143":{"start":{"line":144,"column":0},"end":{"line":144,"column":41}},"144":{"start":{"line":145,"column":0},"end":{"line":145,"column":33}},"145":{"start":{"line":146,"column":0},"end":{"line":146,"column":82}},"146":{"start":{"line":147,"column":0},"end":{"line":147,"column":113}},"148":{"start":{"line":149,"column":0},"end":{"line":149,"column":55}},"149":{"start":{"line":150,"column":0},"end":{"line":150,"column":48}},"150":{"start":{"line":151,"column":0},"end":{"line":151,"column":72}},"151":{"start":{"line":152,"column":0},"end":{"line":152,"column":45}},"152":{"start":{"line":153,"column":0},"end":{"line":153,"column":48}},"153":{"start":{"line":154,"column":0},"end":{"line":154,"column":31}},"154":{"start":{"line":155,"column":0},"end":{"line":155,"column":30}},"155":{"start":{"line":156,"column":0},"end":{"line":156,"column":37}},"156":{"start":{"line":157,"column":0},"end":{"line":157,"column":22}},"158":{"start":{"line":159,"column":0},"end":{"line":159,"column":31}},"159":{"start":{"line":160,"column":0},"end":{"line":160,"column":35}},"160":{"start":{"line":161,"column":0},"end":{"line":161,"column":43}},"161":{"start":{"line":162,"column":0},"end":{"line":162,"column":42}},"162":{"start":{"line":163,"column":0},"end":{"line":163,"column":33}},"163":{"start":{"line":164,"column":0},"end":{"line":164,"column":86}},"164":{"start":{"line":165,"column":0},"end":{"line":165,"column":113}},"166":{"start":{"line":167,"column":0},"end":{"line":167,"column":55}},"167":{"start":{"line":168,"column":0},"end":{"line":168,"column":50}},"168":{"start":{"line":169,"column":0},"end":{"line":169,"column":74}},"169":{"start":{"line":170,"column":0},"end":{"line":170,"column":75}},"170":{"start":{"line":171,"column":0},"end":{"line":171,"column":48}},"171":{"start":{"line":172,"column":0},"end":{"line":172,"column":31}},"172":{"start":{"line":173,"column":0},"end":{"line":173,"column":30}},"173":{"start":{"line":174,"column":0},"end":{"line":174,"column":37}},"174":{"start":{"line":175,"column":0},"end":{"line":175,"column":22}},"176":{"start":{"line":177,"column":0},"end":{"line":177,"column":31}},"177":{"start":{"line":178,"column":0},"end":{"line":178,"column":35}},"178":{"start":{"line":179,"column":0},"end":{"line":179,"column":43}},"179":{"start":{"line":180,"column":0},"end":{"line":180,"column":44}},"180":{"start":{"line":181,"column":0},"end":{"line":181,"column":33}},"181":{"start":{"line":182,"column":0},"end":{"line":182,"column":91}},"182":{"start":{"line":183,"column":0},"end":{"line":183,"column":113}},"184":{"start":{"line":185,"column":0},"end":{"line":185,"column":55}},"185":{"start":{"line":186,"column":0},"end":{"line":186,"column":54}},"186":{"start":{"line":187,"column":0},"end":{"line":187,"column":78}},"187":{"start":{"line":188,"column":0},"end":{"line":188,"column":83}},"188":{"start":{"line":189,"column":0},"end":{"line":189,"column":48}},"189":{"start":{"line":190,"column":0},"end":{"line":190,"column":31}},"190":{"start":{"line":191,"column":0},"end":{"line":191,"column":30}},"191":{"start":{"line":192,"column":0},"end":{"line":192,"column":37}},"192":{"start":{"line":193,"column":0},"end":{"line":193,"column":22}},"193":{"start":{"line":194,"column":0},"end":{"line":194,"column":18}},"194":{"start":{"line":195,"column":0},"end":{"line":195,"column":20}},"196":{"start":{"line":197,"column":0},"end":{"line":197,"column":2}},"198":{"start":{"line":199,"column":0},"end":{"line":199,"column":85}},"199":{"start":{"line":200,"column":0},"end":{"line":200,"column":55}},"203":{"start":{"line":204,"column":0},"end":{"line":204,"column":38}},"204":{"start":{"line":205,"column":0},"end":{"line":205,"column":43}},"205":{"start":{"line":206,"column":0},"end":{"line":206,"column":48}},"206":{"start":{"line":207,"column":0},"end":{"line":207,"column":93}},"207":{"start":{"line":208,"column":0},"end":{"line":208,"column":20}},"208":{"start":{"line":209,"column":0},"end":{"line":209,"column":70}},"209":{"start":{"line":210,"column":0},"end":{"line":210,"column":13}},"210":{"start":{"line":211,"column":0},"end":{"line":211,"column":11}},"211":{"start":{"line":212,"column":0},"end":{"line":212,"column":6}},"213":{"start":{"line":214,"column":0},"end":{"line":214,"column":12}},"214":{"start":{"line":215,"column":0},"end":{"line":215,"column":13}},"215":{"start":{"line":216,"column":0},"end":{"line":216,"column":52}},"216":{"start":{"line":217,"column":0},"end":{"line":217,"column":38}},"217":{"start":{"line":218,"column":0},"end":{"line":218,"column":27}},"218":{"start":{"line":219,"column":0},"end":{"line":219,"column":32}},"219":{"start":{"line":220,"column":0},"end":{"line":220,"column":35}},"220":{"start":{"line":221,"column":0},"end":{"line":221,"column":34}},"221":{"start":{"line":222,"column":0},"end":{"line":222,"column":59}},"222":{"start":{"line":223,"column":0},"end":{"line":223,"column":83}},"223":{"start":{"line":224,"column":0},"end":{"line":224,"column":18}},"224":{"start":{"line":225,"column":0},"end":{"line":225,"column":15}},"225":{"start":{"line":226,"column":0},"end":{"line":226,"column":50}},"226":{"start":{"line":227,"column":0},"end":{"line":227,"column":45}},"227":{"start":{"line":228,"column":0},"end":{"line":228,"column":62}},"228":{"start":{"line":229,"column":0},"end":{"line":229,"column":33}},"229":{"start":{"line":230,"column":0},"end":{"line":230,"column":35}},"230":{"start":{"line":231,"column":0},"end":{"line":231,"column":52}},"231":{"start":{"line":232,"column":0},"end":{"line":232,"column":71}},"232":{"start":{"line":233,"column":0},"end":{"line":233,"column":100}},"233":{"start":{"line":234,"column":0},"end":{"line":234,"column":22}},"234":{"start":{"line":235,"column":0},"end":{"line":235,"column":29}},"236":{"start":{"line":237,"column":0},"end":{"line":237,"column":34}},"237":{"start":{"line":238,"column":0},"end":{"line":238,"column":105}},"238":{"start":{"line":239,"column":0},"end":{"line":239,"column":18}},"239":{"start":{"line":240,"column":0},"end":{"line":240,"column":14}},"241":{"start":{"line":242,"column":0},"end":{"line":242,"column":2}},"243":{"start":{"line":244,"column":0},"end":{"line":244,"column":124}},"245":{"start":{"line":246,"column":0},"end":{"line":246,"column":35}},"246":{"start":{"line":247,"column":0},"end":{"line":247,"column":32}},"247":{"start":{"line":248,"column":0},"end":{"line":248,"column":23}},"248":{"start":{"line":249,"column":0},"end":{"line":249,"column":8}},"249":{"start":{"line":250,"column":0},"end":{"line":250,"column":12}},"251":{"start":{"line":252,"column":0},"end":{"line":252,"column":36}},"252":{"start":{"line":253,"column":0},"end":{"line":253,"column":42}},"254":{"start":{"line":255,"column":0},"end":{"line":255,"column":73}},"255":{"start":{"line":256,"column":0},"end":{"line":256,"column":56}},"256":{"start":{"line":257,"column":0},"end":{"line":257,"column":34}},"257":{"start":{"line":258,"column":0},"end":{"line":258,"column":41}},"258":{"start":{"line":259,"column":0},"end":{"line":259,"column":38}},"259":{"start":{"line":260,"column":0},"end":{"line":260,"column":33}},"260":{"start":{"line":261,"column":0},"end":{"line":261,"column":54}},"261":{"start":{"line":262,"column":0},"end":{"line":262,"column":66}},"262":{"start":{"line":263,"column":0},"end":{"line":263,"column":48}},"263":{"start":{"line":264,"column":0},"end":{"line":264,"column":72}},"264":{"start":{"line":265,"column":0},"end":{"line":265,"column":22}},"265":{"start":{"line":266,"column":0},"end":{"line":266,"column":29}},"266":{"start":{"line":267,"column":0},"end":{"line":267,"column":22}},"267":{"start":{"line":268,"column":0},"end":{"line":268,"column":104}},"268":{"start":{"line":269,"column":0},"end":{"line":269,"column":60}},"269":{"start":{"line":270,"column":0},"end":{"line":270,"column":55}},"270":{"start":{"line":271,"column":0},"end":{"line":271,"column":29}},"271":{"start":{"line":272,"column":0},"end":{"line":272,"column":22}},"272":{"start":{"line":273,"column":0},"end":{"line":273,"column":53}},"273":{"start":{"line":274,"column":0},"end":{"line":274,"column":64}},"274":{"start":{"line":275,"column":0},"end":{"line":275,"column":160}},"275":{"start":{"line":276,"column":0},"end":{"line":276,"column":29}},"278":{"start":{"line":279,"column":0},"end":{"line":279,"column":69}},"279":{"start":{"line":280,"column":0},"end":{"line":280,"column":73}},"280":{"start":{"line":281,"column":0},"end":{"line":281,"column":68}},"281":{"start":{"line":282,"column":0},"end":{"line":282,"column":22}},"282":{"start":{"line":283,"column":0},"end":{"line":283,"column":19}},"283":{"start":{"line":284,"column":0},"end":{"line":284,"column":20}},"285":{"start":{"line":286,"column":0},"end":{"line":286,"column":1}},"287":{"start":{"line":288,"column":0},"end":{"line":288,"column":27}}},"s":{"0":1,"1":1,"2":1,"3":1,"4":1,"6":1,"7":1,"9":1,"10":2,"11":2,"12":2,"13":2,"14":2,"15":2,"16":2,"17":2,"18":2,"21":1,"22":0,"23":0,"24":0,"25":0,"26":0,"27":0,"28":0,"30":0,"31":0,"32":0,"33":0,"34":0,"35":0,"36":0,"37":0,"38":0,"39":0,"40":0,"41":0,"42":0,"43":0,"44":0,"45":0,"46":0,"47":0,"48":0,"49":0,"50":0,"51":0,"52":0,"54":0,"55":0,"56":0,"57":0,"59":0,"61":0,"62":0,"64":0,"65":0,"66":0,"67":0,"68":0,"69":0,"70":0,"71":0,"72":0,"73":0,"75":0,"76":0,"77":0,"79":0,"80":0,"81":0,"82":0,"83":0,"84":0,"85":0,"86":0,"87":0,"88":0,"89":0,"90":0,"91":0,"93":0,"94":0,"95":0,"96":0,"97":0,"98":0,"99":0,"100":0,"101":0,"102":0,"104":0,"105":0,"106":0,"108":0,"109":0,"111":0,"114":0,"115":0,"116":0,"117":0,"118":0,"121":0,"123":1,"124":0,"125":0,"126":0,"128":0,"129":0,"130":0,"132":0,"133":0,"134":0,"135":0,"137":0,"138":0,"139":0,"140":0,"141":0,"142":0,"143":0,"144":0,"145":0,"146":0,"148":0,"149":0,"150":0,"151":0,"152":0,"153":0,"154":0,"155":0,"156":0,"158":0,"159":0,"160":0,"161":0,"162":0,"163":0,"164":0,"166":0,"167":0,"168":0,"169":0,"170":0,"171":0,"172":0,"173":0,"174":0,"176":0,"177":0,"178":0,"179":0,"180":0,"181":0,"182":0,"184":0,"185":0,"186":0,"187":0,"188":0,"189":0,"190":0,"191":0,"192":0,"193":0,"194":0,"196":0,"198":1,"199":0,"203":0,"204":0,"205":0,"206":0,"207":0,"208":0,"209":0,"210":0,"211":0,"213":0,"214":0,"215":0,"216":0,"217":0,"218":0,"219":0,"220":0,"221":0,"222":0,"223":0,"224":0,"225":0,"226":0,"227":0,"228":0,"229":0,"230":0,"231":0,"232":0,"233":0,"234":0,"236":0,"237":0,"238":0,"239":0,"241":0,"243":1,"245":0,"246":0,"247":0,"248":0,"249":0,"251":0,"252":0,"254":0,"255":0,"256":0,"257":0,"258":0,"259":0,"260":0,"261":0,"262":0,"263":0,"264":0,"265":0,"266":0,"267":0,"268":0,"269":0,"270":0,"271":0,"272":0,"273":0,"274":0,"275":0,"278":0,"279":0,"280":0,"281":0,"282":0,"283":0,"285":0,"287":1},"branchMap":{"0":{"type":"branch","line":10,"loc":{"start":{"line":10,"column":28},"end":{"line":19,"column":10}},"locations":[{"start":{"line":10,"column":28},"end":{"line":19,"column":10}}]}},"b":{"0":[2]},"fnMap":{"0":{"name":"TextOnlyForm","decl":{"start":{"line":10,"column":28},"end":{"line":19,"column":10}},"loc":{"start":{"line":10,"column":28},"end":{"line":19,"column":10}},"line":10},"1":{"name":"onChange","decl":{"start":{"line":15,"column":22},"end":{"line":15,"column":55}},"loc":{"start":{"line":15,"column":22},"end":{"line":15,"column":55}},"line":15},"2":{"name":"AcceptanceForm","decl":{"start":{"line":22,"column":30},"end":{"line":122,"column":1}},"loc":{"start":{"line":22,"column":30},"end":{"line":122,"column":1}},"line":22},"3":{"name":"TimeSelector","decl":{"start":{"line":124,"column":21},"end":{"line":197,"column":2}},"loc":{"start":{"line":124,"column":21},"end":{"line":197,"column":2}},"line":124},"4":{"name":"MultiSelect","decl":{"start":{"line":199,"column":20},"end":{"line":242,"column":2}},"loc":{"start":{"line":199,"column":20},"end":{"line":242,"column":2}},"line":199},"5":{"name":"RequestForm","decl":{"start":{"line":244,"column":26},"end":{"line":286,"column":1}},"loc":{"start":{"line":244,"column":26},"end":{"line":286,"column":1}},"line":244}},"f":{"0":2,"1":0,"2":0,"3":0,"4":0,"5":0}}
,"C:\\Users\\mssli\\OneDrive\\Documents\\GitHub\\YellowTeam-GoodNeighbor\\src\\components\\Modal.jsx": {"path":"C:\\Users\\mssli\\OneDrive\\Documents\\GitHub\\YellowTeam-GoodNeighbor\\src\\components\\Modal.jsx","all":false,"statementMap":{"0":{"start":{"line":1,"column":0},"end":{"line":1,"column":40}},"1":{"start":{"line":2,"column":0},"end":{"line":2,"column":40}},"2":{"start":{"line":3,"column":0},"end":{"line":3,"column":44}},"4":{"start":{"line":5,"column":0},"end":{"line":5,"column":69}},"5":{"start":{"line":6,"column":0},"end":{"line":6,"column":12}},"6":{"start":{"line":7,"column":0},"end":{"line":7,"column":48}},"7":{"start":{"line":8,"column":0},"end":{"line":8,"column":72}},"8":{"start":{"line":9,"column":0},"end":{"line":9,"column":113}},"9":{"start":{"line":10,"column":0},"end":{"line":10,"column":27}},"10":{"start":{"line":11,"column":0},"end":{"line":11,"column":25}},"11":{"start":{"line":12,"column":0},"end":{"line":12,"column":51}},"12":{"start":{"line":13,"column":0},"end":{"line":13,"column":85}},"13":{"start":{"line":14,"column":0},"end":{"line":14,"column":25}},"14":{"start":{"line":15,"column":0},"end":{"line":15,"column":16}},"16":{"start":{"line":17,"column":0},"end":{"line":17,"column":2}},"18":{"start":{"line":19,"column":0},"end":{"line":19,"column":33}}},"s":{"0":1,"1":1,"2":1,"4":1,"5":0,"6":0,"7":0,"8":0,"9":0,"10":0,"11":0,"12":0,"13":0,"14":0,"16":0,"18":1},"branchMap":{},"b":{},"fnMap":{"0":{"name":"AcceptRequestModal","decl":{"start":{"line":5,"column":27},"end":{"line":17,"column":2}},"loc":{"start":{"line":5,"column":27},"end":{"line":17,"column":2}},"line":5}},"f":{"0":0}}
,"C:\\Users\\mssli\\OneDrive\\Documents\\GitHub\\YellowTeam-GoodNeighbor\\src\\components\\NavPage.jsx": {"path":"C:\\Users\\mssli\\OneDrive\\Documents\\GitHub\\YellowTeam-GoodNeighbor\\src\\components\\NavPage.jsx","all":true,"statementMap":{"0":{"start":{"line":1,"column":0},"end":{"line":1,"column":26}},"1":{"start":{"line":2,"column":0},"end":{"line":2,"column":74}},"2":{"start":{"line":3,"column":0},"end":{"line":3,"column":39}},"3":{"start":{"line":4,"column":0},"end":{"line":4,"column":47}},"4":{"start":{"line":5,"column":0},"end":{"line":5,"column":45}},"5":{"start":{"line":6,"column":0},"end":{"line":6,"column":34}},"7":{"start":{"line":8,"column":0},"end":{"line":8,"column":23}},"8":{"start":{"line":9,"column":0},"end":{"line":9,"column":10}},"9":{"start":{"line":10,"column":0},"end":{"line":10,"column":6}},"11":{"start":{"line":12,"column":0},"end":{"line":12,"column":16}},"12":{"start":{"line":13,"column":0},"end":{"line":13,"column":53}},"13":{"start":{"line":14,"column":0},"end":{"line":14,"column":65}},"14":{"start":{"line":15,"column":0},"end":{"line":15,"column":63}},"15":{"start":{"line":16,"column":0},"end":{"line":16,"column":17}},"17":{"start":{"line":18,"column":0},"end":{"line":18,"column":7}},"19":{"start":{"line":20,"column":0},"end":{"line":20,"column":2}},"21":{"start":{"line":22,"column":0},"end":{"line":22,"column":23}}},"s":{"0":0,"1":0,"2":0,"3":0,"4":0,"5":0,"7":0,"8":0,"9":0,"11":0,"12":0,"13":0,"14":0,"15":0,"17":0,"19":0,"21":0},"branchMap":{"0":{"type":"branch","line":1,"loc":{"start":{"line":1,"column":596},"end":{"line":22,"column":23}},"locations":[{"start":{"line":1,"column":596},"end":{"line":22,"column":23}}]}},"b":{"0":[0]},"fnMap":{"0":{"name":"(empty-report)","decl":{"start":{"line":1,"column":596},"end":{"line":22,"column":23}},"loc":{"start":{"line":1,"column":596},"end":{"line":22,"column":23}},"line":1}},"f":{"0":0}}
,"C:\\Users\\mssli\\OneDrive\\Documents\\GitHub\\YellowTeam-GoodNeighbor\\src\\components\\Navigation.jsx": {"path":"C:\\Users\\mssli\\OneDrive\\Documents\\GitHub\\YellowTeam-GoodNeighbor\\src\\components\\Navigation.jsx","all":true,"statementMap":{"0":{"start":{"line":1,"column":0},"end":{"line":1,"column":43}},"2":{"start":{"line":3,"column":0},"end":{"line":3,"column":25}},"3":{"start":{"line":4,"column":0},"end":{"line":4,"column":50}},"4":{"start":{"line":5,"column":0},"end":{"line":5,"column":38}},"5":{"start":{"line":6,"column":0},"end":{"line":6,"column":44}},"6":{"start":{"line":7,"column":0},"end":{"line":7,"column":54}},"7":{"start":{"line":8,"column":0},"end":{"line":8,"column":44}},"10":{"start":{"line":11,"column":0},"end":{"line":11,"column":29}},"11":{"start":{"line":12,"column":0},"end":{"line":12,"column":10}},"12":{"start":{"line":13,"column":0},"end":{"line":13,"column":68}},"13":{"start":{"line":14,"column":0},"end":{"line":14,"column":17}},"14":{"start":{"line":15,"column":0},"end":{"line":15,"column":31}},"15":{"start":{"line":16,"column":0},"end":{"line":16,"column":27}},"16":{"start":{"line":17,"column":0},"end":{"line":17,"column":48}},"17":{"start":{"line":18,"column":0},"end":{"line":18,"column":12}},"18":{"start":{"line":19,"column":0},"end":{"line":19,"column":64}},"19":{"start":{"line":20,"column":0},"end":{"line":20,"column":23}},"20":{"start":{"line":21,"column":0},"end":{"line":21,"column":58}},"21":{"start":{"line":22,"column":0},"end":{"line":22,"column":47}},"22":{"start":{"line":23,"column":0},"end":{"line":23,"column":45}},"24":{"start":{"line":25,"column":0},"end":{"line":25,"column":22}},"25":{"start":{"line":26,"column":0},"end":{"line":26,"column":30}},"26":{"start":{"line":27,"column":0},"end":{"line":27,"column":52}},"27":{"start":{"line":28,"column":0},"end":{"line":28,"column":24}},"28":{"start":{"line":29,"column":0},"end":{"line":29,"column":23}},"30":{"start":{"line":31,"column":0},"end":{"line":31,"column":22}},"31":{"start":{"line":32,"column":0},"end":{"line":32,"column":37}},"32":{"start":{"line":33,"column":0},"end":{"line":33,"column":58}},"33":{"start":{"line":34,"column":0},"end":{"line":34,"column":24}},"34":{"start":{"line":35,"column":0},"end":{"line":35,"column":23}},"36":{"start":{"line":37,"column":0},"end":{"line":37,"column":22}},"37":{"start":{"line":38,"column":0},"end":{"line":38,"column":38}},"38":{"start":{"line":39,"column":0},"end":{"line":39,"column":59}},"39":{"start":{"line":40,"column":0},"end":{"line":40,"column":24}},"40":{"start":{"line":41,"column":0},"end":{"line":41,"column":23}},"41":{"start":{"line":42,"column":0},"end":{"line":42,"column":16}},"42":{"start":{"line":43,"column":0},"end":{"line":43,"column":26}},"43":{"start":{"line":44,"column":0},"end":{"line":44,"column":18}},"44":{"start":{"line":45,"column":0},"end":{"line":45,"column":13}},"77":{"start":{"line":78,"column":0},"end":{"line":78,"column":2}},"79":{"start":{"line":80,"column":0},"end":{"line":80,"column":29}}},"s":{"0":0,"2":0,"3":0,"4":0,"5":0,"6":0,"7":0,"10":0,"11":0,"12":0,"13":0,"14":0,"15":0,"16":0,"17":0,"18":0,"19":0,"20":0,"21":0,"22":0,"24":0,"25":0,"26":0,"27":0,"28":0,"30":0,"31":0,"32":0,"33":0,"34":0,"36":0,"37":0,"38":0,"39":0,"40":0,"41":0,"42":0,"43":0,"44":0,"77":0,"79":0},"branchMap":{"0":{"type":"branch","line":1,"loc":{"start":{"line":1,"column":0},"end":{"line":80,"column":-1769}},"locations":[{"start":{"line":1,"column":0},"end":{"line":80,"column":-1769}}]}},"b":{"0":[0]},"fnMap":{"0":{"name":"(empty-report)","decl":{"start":{"line":1,"column":0},"end":{"line":80,"column":-1769}},"loc":{"start":{"line":1,"column":0},"end":{"line":80,"column":-1769}},"line":1}},"f":{"0":0}}
,"C:\\Users\\mssli\\OneDrive\\Documents\\GitHub\\YellowTeam-GoodNeighbor\\src\\components\\ProfileModal.jsx": {"path":"C:\\Users\\mssli\\OneDrive\\Documents\\GitHub\\YellowTeam-GoodNeighbor\\src\\components\\ProfileModal.jsx","all":false,"statementMap":{"0":{"start":{"line":1,"column":0},"end":{"line":1,"column":26}},"1":{"start":{"line":2,"column":0},"end":{"line":2,"column":48}},"2":{"start":{"line":3,"column":0},"end":{"line":3,"column":44}},"4":{"start":{"line":5,"column":0},"end":{"line":5,"column":75}},"5":{"start":{"line":6,"column":0},"end":{"line":6,"column":69}},"6":{"start":{"line":7,"column":0},"end":{"line":7,"column":12}},"7":{"start":{"line":8,"column":0},"end":{"line":8,"column":48}},"8":{"start":{"line":9,"column":0},"end":{"line":9,"column":72}},"9":{"start":{"line":10,"column":0},"end":{"line":10,"column":68}},"10":{"start":{"line":11,"column":0},"end":{"line":11,"column":27}},"11":{"start":{"line":12,"column":0},"end":{"line":12,"column":24}},"12":{"start":{"line":13,"column":0},"end":{"line":13,"column":80}},"13":{"start":{"line":14,"column":0},"end":{"line":14,"column":123}},"14":{"start":{"line":15,"column":0},"end":{"line":15,"column":78}},"15":{"start":{"line":16,"column":0},"end":{"line":16,"column":77}},"16":{"start":{"line":17,"column":0},"end":{"line":17,"column":75}},"17":{"start":{"line":18,"column":0},"end":{"line":18,"column":76}},"18":{"start":{"line":19,"column":0},"end":{"line":19,"column":59}},"19":{"start":{"line":20,"column":0},"end":{"line":20,"column":25}},"20":{"start":{"line":21,"column":0},"end":{"line":21,"column":26}},"21":{"start":{"line":22,"column":0},"end":{"line":22,"column":80}},"22":{"start":{"line":23,"column":0},"end":{"line":23,"column":27}},"23":{"start":{"line":24,"column":0},"end":{"line":24,"column":16}},"25":{"start":{"line":26,"column":0},"end":{"line":26,"column":2}},"27":{"start":{"line":28,"column":0},"end":{"line":28,"column":28}}},"s":{"0":1,"1":1,"2":1,"4":1,"5":0,"6":0,"7":0,"8":0,"9":0,"10":0,"11":0,"12":0,"13":0,"14":0,"15":0,"16":0,"17":0,"18":0,"19":0,"20":0,"21":0,"22":0,"23":0,"25":0,"27":1},"branchMap":{},"b":{},"fnMap":{"0":{"name":"ProfileModal","decl":{"start":{"line":5,"column":21},"end":{"line":26,"column":2}},"loc":{"start":{"line":5,"column":21},"end":{"line":26,"column":2}},"line":5}},"f":{"0":0}}
,"C:\\Users\\mssli\\OneDrive\\Documents\\GitHub\\YellowTeam-GoodNeighbor\\src\\components\\RequestList.jsx": {"path":"C:\\Users\\mssli\\OneDrive\\Documents\\GitHub\\YellowTeam-GoodNeighbor\\src\\components\\RequestList.jsx","all":false,"statementMap":{"0":{"start":{"line":1,"column":0},"end":{"line":1,"column":40}},"1":{"start":{"line":2,"column":0},"end":{"line":2,"column":72}},"2":{"start":{"line":3,"column":0},"end":{"line":3,"column":50}},"3":{"start":{"line":4,"column":0},"end":{"line":4,"column":27}},"4":{"start":{"line":5,"column":0},"end":{"line":5,"column":40}},"5":{"start":{"line":6,"column":0},"end":{"line":6,"column":46}},"6":{"start":{"line":7,"column":0},"end":{"line":7,"column":59}},"8":{"start":{"line":9,"column":0},"end":{"line":9,"column":27}},"9":{"start":{"line":10,"column":0},"end":{"line":10,"column":58}},"10":{"start":{"line":11,"column":0},"end":{"line":11,"column":44}},"11":{"start":{"line":12,"column":0},"end":{"line":12,"column":63}},"14":{"start":{"line":15,"column":0},"end":{"line":15,"column":65}},"15":{"start":{"line":16,"column":0},"end":{"line":16,"column":56}},"17":{"start":{"line":18,"column":0},"end":{"line":18,"column":38}},"18":{"start":{"line":19,"column":0},"end":{"line":19,"column":46}},"19":{"start":{"line":20,"column":0},"end":{"line":20,"column":5}},"21":{"start":{"line":22,"column":0},"end":{"line":22,"column":38}},"22":{"start":{"line":23,"column":0},"end":{"line":23,"column":37}},"23":{"start":{"line":24,"column":0},"end":{"line":24,"column":5}},"25":{"start":{"line":26,"column":0},"end":{"line":26,"column":85}},"26":{"start":{"line":27,"column":0},"end":{"line":27,"column":28}},"27":{"start":{"line":28,"column":0},"end":{"line":28,"column":94}},"29":{"start":{"line":30,"column":0},"end":{"line":30,"column":45}},"30":{"start":{"line":31,"column":0},"end":{"line":31,"column":37}},"31":{"start":{"line":32,"column":0},"end":{"line":32,"column":35}},"32":{"start":{"line":33,"column":0},"end":{"line":33,"column":22}},"33":{"start":{"line":34,"column":0},"end":{"line":34,"column":6}},"35":{"start":{"line":36,"column":0},"end":{"line":36,"column":39}},"36":{"start":{"line":37,"column":0},"end":{"line":37,"column":61}},"37":{"start":{"line":38,"column":0},"end":{"line":38,"column":48}},"38":{"start":{"line":39,"column":0},"end":{"line":39,"column":65}},"39":{"start":{"line":40,"column":0},"end":{"line":40,"column":50}},"40":{"start":{"line":41,"column":0},"end":{"line":41,"column":25}},"41":{"start":{"line":42,"column":0},"end":{"line":42,"column":48}},"42":{"start":{"line":43,"column":0},"end":{"line":43,"column":63}},"43":{"start":{"line":44,"column":0},"end":{"line":44,"column":63}},"44":{"start":{"line":45,"column":0},"end":{"line":45,"column":37}},"45":{"start":{"line":46,"column":0},"end":{"line":46,"column":13}},"46":{"start":{"line":47,"column":0},"end":{"line":47,"column":21}},"47":{"start":{"line":48,"column":0},"end":{"line":48,"column":11}},"48":{"start":{"line":49,"column":0},"end":{"line":49,"column":29}},"49":{"start":{"line":50,"column":0},"end":{"line":50,"column":36}},"50":{"start":{"line":51,"column":0},"end":{"line":51,"column":6}},"53":{"start":{"line":54,"column":0},"end":{"line":54,"column":47}},"54":{"start":{"line":55,"column":0},"end":{"line":55,"column":35}},"55":{"start":{"line":56,"column":0},"end":{"line":56,"column":6}},"58":{"start":{"line":59,"column":0},"end":{"line":59,"column":37}},"59":{"start":{"line":60,"column":0},"end":{"line":60,"column":23}},"60":{"start":{"line":61,"column":0},"end":{"line":61,"column":28}},"61":{"start":{"line":62,"column":0},"end":{"line":62,"column":41}},"62":{"start":{"line":63,"column":0},"end":{"line":63,"column":27}},"63":{"start":{"line":64,"column":0},"end":{"line":64,"column":42}},"64":{"start":{"line":65,"column":0},"end":{"line":65,"column":27}},"65":{"start":{"line":66,"column":0},"end":{"line":66,"column":43}},"66":{"start":{"line":67,"column":0},"end":{"line":67,"column":20}},"67":{"start":{"line":68,"column":0},"end":{"line":68,"column":61}},"68":{"start":{"line":69,"column":0},"end":{"line":69,"column":9}},"69":{"start":{"line":70,"column":0},"end":{"line":70,"column":6}},"71":{"start":{"line":72,"column":0},"end":{"line":72,"column":12}},"72":{"start":{"line":73,"column":0},"end":{"line":73,"column":31}},"73":{"start":{"line":74,"column":0},"end":{"line":74,"column":103}},"74":{"start":{"line":75,"column":0},"end":{"line":75,"column":59}},"75":{"start":{"line":76,"column":0},"end":{"line":76,"column":98}},"76":{"start":{"line":77,"column":0},"end":{"line":77,"column":109}},"77":{"start":{"line":78,"column":0},"end":{"line":78,"column":98}},"78":{"start":{"line":79,"column":0},"end":{"line":79,"column":94}},"79":{"start":{"line":80,"column":0},"end":{"line":80,"column":33}},"80":{"start":{"line":81,"column":0},"end":{"line":81,"column":18}},"82":{"start":{"line":83,"column":0},"end":{"line":83,"column":65}},"83":{"start":{"line":84,"column":0},"end":{"line":84,"column":37}},"84":{"start":{"line":85,"column":0},"end":{"line":85,"column":57}},"85":{"start":{"line":86,"column":0},"end":{"line":86,"column":93}},"86":{"start":{"line":87,"column":0},"end":{"line":87,"column":66}},"87":{"start":{"line":88,"column":0},"end":{"line":88,"column":90}},"89":{"start":{"line":90,"column":0},"end":{"line":90,"column":65}},"90":{"start":{"line":91,"column":0},"end":{"line":91,"column":59}},"91":{"start":{"line":92,"column":0},"end":{"line":92,"column":64}},"92":{"start":{"line":93,"column":0},"end":{"line":93,"column":57}},"93":{"start":{"line":94,"column":0},"end":{"line":94,"column":83}},"95":{"start":{"line":96,"column":0},"end":{"line":96,"column":32}},"96":{"start":{"line":97,"column":0},"end":{"line":97,"column":82}},"97":{"start":{"line":98,"column":0},"end":{"line":98,"column":130}},"98":{"start":{"line":99,"column":0},"end":{"line":99,"column":63}},"99":{"start":{"line":100,"column":0},"end":{"line":100,"column":126}},"100":{"start":{"line":101,"column":0},"end":{"line":101,"column":80}},"101":{"start":{"line":102,"column":0},"end":{"line":102,"column":49}},"102":{"start":{"line":103,"column":0},"end":{"line":103,"column":83}},"103":{"start":{"line":104,"column":0},"end":{"line":104,"column":113}},"104":{"start":{"line":105,"column":0},"end":{"line":105,"column":62}},"105":{"start":{"line":106,"column":0},"end":{"line":106,"column":60}},"106":{"start":{"line":107,"column":0},"end":{"line":107,"column":51}},"107":{"start":{"line":108,"column":0},"end":{"line":108,"column":50}},"108":{"start":{"line":109,"column":0},"end":{"line":109,"column":54}},"109":{"start":{"line":110,"column":0},"end":{"line":110,"column":61}},"110":{"start":{"line":111,"column":0},"end":{"line":111,"column":116}},"111":{"start":{"line":112,"column":0},"end":{"line":112,"column":122}},"112":{"start":{"line":113,"column":0},"end":{"line":113,"column":91}},"113":{"start":{"line":114,"column":0},"end":{"line":114,"column":105}},"114":{"start":{"line":115,"column":0},"end":{"line":115,"column":73}},"115":{"start":{"line":116,"column":0},"end":{"line":116,"column":54}},"116":{"start":{"line":117,"column":0},"end":{"line":117,"column":50}},"117":{"start":{"line":118,"column":0},"end":{"line":118,"column":84}},"118":{"start":{"line":119,"column":0},"end":{"line":119,"column":127}},"119":{"start":{"line":120,"column":0},"end":{"line":120,"column":88}},"120":{"start":{"line":121,"column":0},"end":{"line":121,"column":46}},"121":{"start":{"line":122,"column":0},"end":{"line":122,"column":48}},"122":{"start":{"line":123,"column":0},"end":{"line":123,"column":39}},"123":{"start":{"line":124,"column":0},"end":{"line":124,"column":34}},"125":{"start":{"line":126,"column":0},"end":{"line":126,"column":23}},"126":{"start":{"line":127,"column":0},"end":{"line":127,"column":22}},"127":{"start":{"line":128,"column":0},"end":{"line":128,"column":18}},"130":{"start":{"line":131,"column":0},"end":{"line":131,"column":123}},"131":{"start":{"line":132,"column":0},"end":{"line":132,"column":14}},"133":{"start":{"line":134,"column":0},"end":{"line":134,"column":2}},"135":{"start":{"line":136,"column":0},"end":{"line":136,"column":27}}},"s":{"0":1,"1":1,"2":1,"3":1,"4":1,"5":1,"6":1,"8":1,"9":4,"10":4,"11":4,"14":4,"15":4,"17":4,"18":0,"19":0,"21":4,"22":2,"23":2,"25":1,"26":1,"27":1,"29":1,"30":1,"31":0,"32":0,"33":0,"35":1,"36":0,"37":0,"38":0,"39":0,"40":0,"41":0,"42":0,"43":0,"44":0,"45":0,"46":0,"47":0,"48":0,"49":0,"50":0,"53":1,"54":1,"55":1,"58":1,"59":2,"60":2,"61":1,"62":2,"63":1,"64":2,"65":0,"66":2,"67":0,"68":2,"69":2,"71":1,"72":1,"73":1,"74":1,"75":1,"76":1,"77":1,"78":1,"79":1,"80":1,"82":1,"83":1,"84":1,"85":1,"86":1,"87":1,"89":1,"90":1,"91":1,"92":1,"93":1,"95":1,"96":1,"97":1,"98":1,"99":1,"100":1,"101":1,"102":1,"103":2,"104":2,"105":2,"106":1,"107":1,"108":1,"109":1,"110":1,"111":1,"112":1,"113":1,"114":1,"115":1,"116":1,"117":1,"118":1,"119":1,"120":1,"121":1,"122":1,"123":1,"125":1,"126":1,"127":1,"130":2,"131":4,"133":4,"135":1},"branchMap":{"0":{"type":"branch","line":9,"loc":{"start":{"line":9,"column":20},"end":{"line":134,"column":2}},"locations":[{"start":{"line":9,"column":20},"end":{"line":134,"column":2}}]},"1":{"type":"branch","line":18,"loc":{"start":{"line":18,"column":8},"end":{"line":18,"column":37}},"locations":[{"start":{"line":18,"column":8},"end":{"line":18,"column":37}}]},"2":{"type":"branch","line":18,"loc":{"start":{"line":18,"column":37},"end":{"line":20,"column":5}},"locations":[{"start":{"line":18,"column":37},"end":{"line":20,"column":5}}]},"3":{"type":"branch","line":20,"loc":{"start":{"line":20,"column":4},"end":{"line":22,"column":37}},"locations":[{"start":{"line":20,"column":4},"end":{"line":22,"column":37}}]},"4":{"type":"branch","line":22,"loc":{"start":{"line":22,"column":9},"end":{"line":22,"column":37}},"locations":[{"start":{"line":22,"column":9},"end":{"line":22,"column":37}}]},"5":{"type":"branch","line":22,"loc":{"start":{"line":22,"column":37},"end":{"line":131,"column":123}},"locations":[{"start":{"line":22,"column":37},"end":{"line":131,"column":123}}]},"6":{"type":"branch","line":24,"loc":{"start":{"line":24,"column":4},"end":{"line":131,"column":31}},"locations":[{"start":{"line":24,"column":4},"end":{"line":131,"column":31}}]},"7":{"type":"branch","line":131,"loc":{"start":{"line":131,"column":13},"end":{"line":131,"column":123}},"locations":[{"start":{"line":131,"column":13},"end":{"line":131,"column":123}}]},"8":{"type":"branch","line":28,"loc":{"start":{"line":28,"column":48},"end":{"line":28,"column":92}},"locations":[{"start":{"line":28,"column":48},"end":{"line":28,"column":92}}]},"9":{"type":"branch","line":54,"loc":{"start":{"line":54,"column":35},"end":{"line":56,"column":6}},"locations":[{"start":{"line":54,"column":35},"end":{"line":56,"column":6}}]},"10":{"type":"branch","line":59,"loc":{"start":{"line":59,"column":26},"end":{"line":70,"column":6}},"locations":[{"start":{"line":59,"column":26},"end":{"line":70,"column":6}}]},"11":{"type":"branch","line":61,"loc":{"start":{"line":61,"column":12},"end":{"line":62,"column":41}},"locations":[{"start":{"line":61,"column":12},"end":{"line":62,"column":41}}]},"12":{"type":"branch","line":63,"loc":{"start":{"line":63,"column":12},"end":{"line":64,"column":42}},"locations":[{"start":{"line":63,"column":12},"end":{"line":64,"column":42}}]},"13":{"type":"branch","line":65,"loc":{"start":{"line":65,"column":12},"end":{"line":66,"column":43}},"locations":[{"start":{"line":65,"column":12},"end":{"line":66,"column":43}}]},"14":{"type":"branch","line":67,"loc":{"start":{"line":67,"column":12},"end":{"line":68,"column":61}},"locations":[{"start":{"line":67,"column":12},"end":{"line":68,"column":61}}]},"15":{"type":"branch","line":85,"loc":{"start":{"line":85,"column":45},"end":{"line":126,"column":21}},"locations":[{"start":{"line":85,"column":45},"end":{"line":126,"column":21}}]},"16":{"type":"branch","line":87,"loc":{"start":{"line":87,"column":51},"end":{"line":87,"column":66}},"locations":[{"start":{"line":87,"column":51},"end":{"line":87,"column":66}}]},"17":{"type":"branch","line":90,"loc":{"start":{"line":90,"column":52},"end":{"line":90,"column":65}},"locations":[{"start":{"line":90,"column":52},"end":{"line":90,"column":65}}]},"18":{"type":"branch","line":91,"loc":{"start":{"line":91,"column":49},"end":{"line":91,"column":59}},"locations":[{"start":{"line":91,"column":49},"end":{"line":91,"column":59}}]},"19":{"type":"branch","line":92,"loc":{"start":{"line":92,"column":50},"end":{"line":92,"column":64}},"locations":[{"start":{"line":92,"column":50},"end":{"line":92,"column":64}}]},"20":{"type":"branch","line":93,"loc":{"start":{"line":93,"column":48},"end":{"line":93,"column":57}},"locations":[{"start":{"line":93,"column":48},"end":{"line":93,"column":57}}]},"21":{"type":"branch","line":112,"loc":{"start":{"line":112,"column":87},"end":{"line":112,"column":109}},"locations":[{"start":{"line":112,"column":87},"end":{"line":112,"column":109}}]},"22":{"type":"branch","line":103,"loc":{"start":{"line":103,"column":65},"end":{"line":106,"column":60}},"locations":[{"start":{"line":103,"column":65},"end":{"line":106,"column":60}}]}},"b":{"0":[4],"1":[3],"2":[0],"3":[3],"4":[1],"5":[2],"6":[1],"7":[0],"8":[1],"9":[1],"10":[2],"11":[1],"12":[1],"13":[0],"14":[0],"15":[1],"16":[0],"17":[0],"18":[0],"19":[0],"20":[0],"21":[0],"22":[2]},"fnMap":{"0":{"name":"RequestList","decl":{"start":{"line":9,"column":20},"end":{"line":134,"column":2}},"loc":{"start":{"line":9,"column":20},"end":{"line":134,"column":2}},"line":9},"1":{"name":"handleClose","decl":{"start":{"line":30,"column":24},"end":{"line":30,"column":45}},"loc":{"start":{"line":30,"column":24},"end":{"line":30,"column":45}},"line":30},"2":{"name":"handleShow","decl":{"start":{"line":31,"column":23},"end":{"line":34,"column":6}},"loc":{"start":{"line":31,"column":23},"end":{"line":34,"column":6}},"line":31},"3":{"name":"handleSort","decl":{"start":{"line":36,"column":23},"end":{"line":51,"column":6}},"loc":{"start":{"line":36,"column":23},"end":{"line":51,"column":6}},"line":36},"4":{"name":"getUniqueDeliveryPrefs","decl":{"start":{"line":54,"column":35},"end":{"line":56,"column":6}},"loc":{"start":{"line":54,"column":35},"end":{"line":56,"column":6}},"line":54},"5":{"name":"getBadgeColor","decl":{"start":{"line":59,"column":26},"end":{"line":70,"column":6}},"loc":{"start":{"line":59,"column":26},"end":{"line":70,"column":6}},"line":59},"6":{"name":"onClick","decl":{"start":{"line":77,"column":44},"end":{"line":77,"column":79}},"loc":{"start":{"line":77,"column":44},"end":{"line":77,"column":79}},"line":77},"7":{"name":"onClick","decl":{"start":{"line":78,"column":44},"end":{"line":78,"column":74}},"loc":{"start":{"line":78,"column":44},"end":{"line":78,"column":74}},"line":78},"8":{"name":"onClick","decl":{"start":{"line":79,"column":44},"end":{"line":79,"column":72}},"loc":{"start":{"line":79,"column":44},"end":{"line":79,"column":72}},"line":79},"9":{"name":"onClick","decl":{"start":{"line":98,"column":103},"end":{"line":98,"column":130}},"loc":{"start":{"line":98,"column":103},"end":{"line":98,"column":130}},"line":98}},"f":{"0":4,"1":0,"2":0,"3":0,"4":1,"5":2,"6":0,"7":0,"8":0,"9":0}}
,"C:\\Users\\mssli\\OneDrive\\Documents\\GitHub\\YellowTeam-GoodNeighbor\\src\\components\\Request_Page_List.jsx": {"path":"C:\\Users\\mssli\\OneDrive\\Documents\\GitHub\\YellowTeam-GoodNeighbor\\src\\components\\Request_Page_List.jsx","all":false,"statementMap":{"0":{"start":{"line":1,"column":0},"end":{"line":1,"column":51}},"1":{"start":{"line":2,"column":0},"end":{"line":2,"column":54}},"2":{"start":{"line":3,"column":0},"end":{"line":3,"column":33}},"3":{"start":{"line":4,"column":0},"end":{"line":4,"column":96}},"4":{"start":{"line":5,"column":0},"end":{"line":5,"column":49}},"5":{"start":{"line":6,"column":0},"end":{"line":6,"column":37}},"6":{"start":{"line":7,"column":0},"end":{"line":7,"column":42}},"8":{"start":{"line":9,"column":0},"end":{"line":9,"column":33}},"10":{"start":{"line":11,"column":0},"end":{"line":11,"column":65}},"11":{"start":{"line":12,"column":0},"end":{"line":12,"column":52}},"14":{"start":{"line":15,"column":0},"end":{"line":15,"column":32}},"15":{"start":{"line":16,"column":0},"end":{"line":16,"column":34}},"18":{"start":{"line":19,"column":0},"end":{"line":19,"column":50}},"19":{"start":{"line":20,"column":0},"end":{"line":20,"column":49}},"20":{"start":{"line":21,"column":0},"end":{"line":21,"column":54}},"21":{"start":{"line":22,"column":0},"end":{"line":22,"column":59}},"24":{"start":{"line":25,"column":0},"end":{"line":25,"column":99}},"25":{"start":{"line":26,"column":0},"end":{"line":26,"column":100}},"26":{"start":{"line":27,"column":0},"end":{"line":27,"column":94}},"27":{"start":{"line":28,"column":0},"end":{"line":28,"column":69}},"28":{"start":{"line":29,"column":0},"end":{"line":29,"column":49}},"29":{"start":{"line":30,"column":0},"end":{"line":30,"column":105}},"31":{"start":{"line":32,"column":0},"end":{"line":32,"column":46}},"32":{"start":{"line":33,"column":0},"end":{"line":33,"column":67}},"33":{"start":{"line":34,"column":0},"end":{"line":34,"column":60}},"34":{"start":{"line":35,"column":0},"end":{"line":35,"column":4}},"36":{"start":{"line":37,"column":0},"end":{"line":37,"column":38}},"37":{"start":{"line":38,"column":0},"end":{"line":38,"column":67}},"38":{"start":{"line":39,"column":0},"end":{"line":39,"column":61}},"39":{"start":{"line":40,"column":0},"end":{"line":40,"column":4}},"41":{"start":{"line":42,"column":0},"end":{"line":42,"column":78}},"42":{"start":{"line":43,"column":0},"end":{"line":43,"column":67}},"43":{"start":{"line":44,"column":0},"end":{"line":44,"column":74}},"46":{"start":{"line":47,"column":0},"end":{"line":47,"column":43}},"47":{"start":{"line":48,"column":0},"end":{"line":48,"column":58}},"48":{"start":{"line":49,"column":0},"end":{"line":49,"column":7}},"51":{"start":{"line":52,"column":0},"end":{"line":52,"column":43}},"52":{"start":{"line":53,"column":0},"end":{"line":53,"column":63}},"53":{"start":{"line":54,"column":0},"end":{"line":54,"column":66}},"54":{"start":{"line":55,"column":0},"end":{"line":55,"column":72}},"55":{"start":{"line":56,"column":0},"end":{"line":56,"column":7}},"58":{"start":{"line":59,"column":0},"end":{"line":59,"column":65}},"59":{"start":{"line":60,"column":0},"end":{"line":60,"column":37}},"60":{"start":{"line":61,"column":0},"end":{"line":61,"column":71}},"61":{"start":{"line":62,"column":0},"end":{"line":62,"column":7}},"63":{"start":{"line":64,"column":0},"end":{"line":64,"column":142}},"65":{"start":{"line":66,"column":0},"end":{"line":66,"column":27}},"66":{"start":{"line":67,"column":0},"end":{"line":67,"column":4}},"73":{"start":{"line":74,"column":0},"end":{"line":74,"column":49}},"74":{"start":{"line":75,"column":0},"end":{"line":75,"column":40}},"75":{"start":{"line":76,"column":0},"end":{"line":76,"column":94}},"76":{"start":{"line":77,"column":0},"end":{"line":77,"column":31}},"77":{"start":{"line":78,"column":0},"end":{"line":78,"column":35}},"78":{"start":{"line":79,"column":0},"end":{"line":79,"column":47}},"80":{"start":{"line":81,"column":0},"end":{"line":81,"column":15}},"81":{"start":{"line":82,"column":0},"end":{"line":82,"column":28}},"82":{"start":{"line":83,"column":0},"end":{"line":83,"column":34}},"83":{"start":{"line":84,"column":0},"end":{"line":84,"column":24}},"84":{"start":{"line":85,"column":0},"end":{"line":85,"column":31}},"85":{"start":{"line":86,"column":0},"end":{"line":86,"column":5}},"86":{"start":{"line":87,"column":0},"end":{"line":87,"column":4}},"89":{"start":{"line":90,"column":0},"end":{"line":90,"column":41}},"90":{"start":{"line":91,"column":0},"end":{"line":91,"column":26}},"91":{"start":{"line":92,"column":0},"end":{"line":92,"column":34}},"92":{"start":{"line":93,"column":0},"end":{"line":93,"column":4}},"96":{"start":{"line":97,"column":0},"end":{"line":97,"column":19}},"97":{"start":{"line":98,"column":0},"end":{"line":98,"column":23}},"98":{"start":{"line":99,"column":0},"end":{"line":99,"column":25}},"99":{"start":{"line":100,"column":0},"end":{"line":100,"column":38}},"100":{"start":{"line":101,"column":0},"end":{"line":101,"column":28}},"101":{"start":{"line":102,"column":0},"end":{"line":102,"column":54}},"103":{"start":{"line":104,"column":0},"end":{"line":104,"column":39}},"104":{"start":{"line":105,"column":0},"end":{"line":105,"column":5}},"105":{"start":{"line":106,"column":0},"end":{"line":106,"column":21}},"107":{"start":{"line":108,"column":0},"end":{"line":108,"column":14}},"108":{"start":{"line":109,"column":0},"end":{"line":109,"column":61}},"109":{"start":{"line":110,"column":0},"end":{"line":110,"column":3}},"110":{"start":{"line":111,"column":0},"end":{"line":111,"column":19}},"111":{"start":{"line":112,"column":0},"end":{"line":112,"column":72}},"112":{"start":{"line":113,"column":0},"end":{"line":113,"column":3}},"113":{"start":{"line":114,
[...]
:{"line":47,"column":45}},"47":{"start":{"line":48,"column":0},"end":{"line":48,"column":45}},"48":{"start":{"line":49,"column":0},"end":{"line":49,"column":9}},"49":{"start":{"line":50,"column":0},"end":{"line":50,"column":7}},"50":{"start":{"line":51,"column":0},"end":{"line":51,"column":6}},"51":{"start":{"line":52,"column":0},"end":{"line":52,"column":4}},"53":{"start":{"line":54,"column":0},"end":{"line":54,"column":19}},"54":{"start":{"line":55,"column":0},"end":{"line":55,"column":22}},"55":{"start":{"line":56,"column":0},"end":{"line":56,"column":9}},"57":{"start":{"line":58,"column":0},"end":{"line":58,"column":19}},"58":{"start":{"line":59,"column":0},"end":{"line":59,"column":32}},"59":{"start":{"line":60,"column":0},"end":{"line":60,"column":26}},"60":{"start":{"line":61,"column":0},"end":{"line":61,"column":5}},"61":{"start":{"line":62,"column":0},"end":{"line":62,"column":28}},"62":{"start":{"line":63,"column":0},"end":{"line":63,"column":32}},"63":{"start":{"line":64,"column":0},"end":{"line":64,"column":42}},"65":{"start":{"line":66,"column":0},"end":{"line":66,"column":10}},"68":{"start":{"line":69,"column":0},"end":{"line":69,"column":9}},"69":{"start":{"line":70,"column":0},"end":{"line":70,"column":11}},"70":{"start":{"line":71,"column":0},"end":{"line":71,"column":67}},"71":{"start":{"line":72,"column":0},"end":{"line":72,"column":12}},"74":{"start":{"line":75,"column":0},"end":{"line":75,"column":10}},"76":{"start":{"line":77,"column":0},"end":{"line":77,"column":2}},"78":{"start":{"line":79,"column":0},"end":{"line":79,"column":30}}},"s":{"0":1,"2":1,"3":2,"4":2,"5":2,"6":2,"8":2,"9":1,"10":0,"11":0,"12":0,"13":0,"14":0,"15":0,"16":0,"17":0,"18":0,"19":0,"20":1,"21":1,"22":1,"23":1,"24":1,"26":2,"27":0,"29":0,"30":0,"31":0,"32":0,"33":0,"34":0,"35":0,"36":0,"37":0,"38":0,"39":0,"40":0,"41":0,"42":0,"44":0,"45":0,"46":0,"47":0,"48":0,"49":0,"50":0,"51":0,"53":2,"54":1,"55":2,"57":2,"58":1,"59":0,"60":0,"61":2,"62":2,"63":2,"65":2,"68":2,"69":2,"70":2,"71":2,"74":2,"76":2,"78":1},"branchMap":{"0":{"type":"branch","line":3,"loc":{"start":{"line":3,"column":23},"end":{"line":77,"column":2}},"locations":[{"start":{"line":3,"column":23},"end":{"line":77,"column":2}}]},"1":{"type":"branch","line":71,"loc":{"start":{"line":71,"column":25},"end":{"line":71,"column":54}},"locations":[{"start":{"line":71,"column":25},"end":{"line":71,"column":54}}]},"2":{"type":"branch","line":9,"loc":{"start":{"line":9,"column":26},"end":{"line":25,"column":4}},"locations":[{"start":{"line":9,"column":26},"end":{"line":25,"column":4}}]},"3":{"type":"branch","line":10,"loc":{"start":{"line":10,"column":31},"end":{"line":21,"column":11}},"locations":[{"start":{"line":10,"column":31},"end":{"line":21,"column":11}}]},"4":{"type":"branch","line":54,"loc":{"start":{"line":54,"column":12},"end":{"line":56,"column":5}},"locations":[{"start":{"line":54,"column":12},"end":{"line":56,"column":5}}]},"5":{"type":"branch","line":58,"loc":{"start":{"line":58,"column":12},"end":{"line":62,"column":5}},"locations":[{"start":{"line":58,"column":12},"end":{"line":62,"column":5}}]},"6":{"type":"branch","line":59,"loc":{"start":{"line":59,"column":8},"end":{"line":59,"column":31}},"locations":[{"start":{"line":59,"column":8},"end":{"line":59,"column":31}}]},"7":{"type":"branch","line":59,"loc":{"start":{"line":59,"column":31},"end":{"line":61,"column":5}},"locations":[{"start":{"line":59,"column":31},"end":{"line":61,"column":5}}]}},"b":{"0":[2],"1":[1],"2":[1],"3":[0],"4":[1],"5":[1],"6":[0],"7":[0]},"fnMap":{"0":{"name":"DistanceMatrix","decl":{"start":{"line":3,"column":23},"end":{"line":77,"column":2}},"loc":{"start":{"line":3,"column":23},"end":{"line":77,"column":2}},"line":3},"1":{"name":"getUserLocation","decl":{"start":{"line":9,"column":26},"end":{"line":25,"column":4}},"loc":{"start":{"line":9,"column":26},"end":{"line":25,"column":4}},"line":9},"2":{"name":"calculateDistance","decl":{"start":{"line":27,"column":28},"end":{"line":52,"column":4}},"loc":{"start":{"line":27,"column":28},"end":{"line":52,"column":4}},"line":27}},"f":{"0":2,"1":1,"2":0}}
,"C:\\Users\\mssli\\OneDrive\\Documents\\GitHub\\YellowTeam-GoodNeighbor\\src\\utilities\\firebase.js": {"path":"C:\\Users\\mssli\\OneDrive\\Documents\\GitHub\\YellowTeam-GoodNeighbor\\src\\utilities\\firebase.js","all":false,"statementMap":{"0":{"start":{"line":1,"column":0},"end":{"line":1,"column":122}},"1":{"start":{"line":2,"column":0},"end":{"line":2,"column":80}},"2":{"start":{"line":3,"column":0},"end":{"line":3,"column":74}},"3":{"start":{"line":4,"column":0},"end":{"line":4,"column":154}},"4":{"start":{"line":5,"column":0},"end":{"line":5,"column":0}},"5":{"start":{"line":6,"column":0},"end":{"line":6,"column":24}},"6":{"start":{"line":7,"column":0},"end":{"line":7,"column":54}},"7":{"start":{"line":8,"column":0},"end":{"line":8,"column":55}},"8":{"start":{"line":9,"column":0},"end":{"line":9,"column":76}},"9":{"start":{"line":10,"column":0},"end":{"line":10,"column":38}},"10":{"start":{"line":11,"column":0},"end":{"line":11,"column":54}},"11":{"start":{"line":12,"column":0},"end":{"line":12,"column":38}},"12":{"start":{"line":13,"column":0},"end":{"line":13,"column":55}},"13":{"start":{"line":14,"column":0},"end":{"line":14,"column":33}},"14":{"start":{"line":15,"column":0},"end":{"line":15,"column":4}},"15":{"start":{"line":16,"column":0},"end":{"line":16,"column":0}},"16":{"start":{"line":17,"column":0},"end":{"line":17,"column":22}},"17":{"start":{"line":18,"column":0},"end":{"line":18,"column":47}},"18":{"start":{"line":19,"column":0},"end":{"line":19,"column":39}},"19":{"start":{"line":20,"column":0},"end":{"line":20,"column":31}},"20":{"start":{"line":21,"column":0},"end":{"line":21,"column":0}},"21":{"start":{"line":22,"column":0},"end":{"line":22,"column":36}},"22":{"start":{"line":23,"column":0},"end":{"line":23,"column":39}},"23":{"start":{"line":24,"column":0},"end":{"line":24,"column":45}},"24":{"start":{"line":25,"column":0},"end":{"line":25,"column":0}},"25":{"start":{"line":26,"column":0},"end":{"line":26,"column":21}},"26":{"start":{"line":27,"column":0},"end":{"line":27,"column":52}},"27":{"start":{"line":28,"column":0},"end":{"line":28,"column":36}},"28":{"start":{"line":29,"column":0},"end":{"line":29,"column":23}},"29":{"start":{"line":30,"column":0},"end":{"line":30,"column":28}},"30":{"start":{"line":31,"column":0},"end":{"line":31,"column":10}},"31":{"start":{"line":32,"column":0},"end":{"line":32,"column":15}},"32":{"start":{"line":33,"column":0},"end":{"line":33,"column":0}},"33":{"start":{"line":34,"column":0},"end":{"line":34,"column":25}},"34":{"start":{"line":35,"column":0},"end":{"line":35,"column":2}},"35":{"start":{"line":36,"column":0},"end":{"line":36,"column":0}},"36":{"start":{"line":37,"column":0},"end":{"line":37,"column":31}},"37":{"start":{"line":38,"column":0},"end":{"line":38,"column":33}},"38":{"start":{"line":39,"column":0},"end":{"line":39,"column":89}},"39":{"start":{"line":40,"column":0},"end":{"line":40,"column":41}},"40":{"start":{"line":41,"column":0},"end":{"line":41,"column":2}},"41":{"start":{"line":42,"column":0},"end":{"line":42,"column":0}},"42":{"start":{"line":43,"column":0},"end":{"line":43,"column":38}},"43":{"start":{"line":44,"column":0},"end":{"line":44,"column":43}},"44":{"start":{"line":45,"column":0},"end":{"line":45,"column":53}},"45":{"start":{"line":46,"column":0},"end":{"line":46,"column":44}},"46":{"start":{"line":47,"column":0},"end":{"line":47,"column":51}},"47":{"start":{"line":48,"column":0},"end":{"line":48,"column":0}},"48":{"start":{"line":49,"column":0},"end":{"line":49,"column":50}},"49":{"start":{"line":50,"column":0},"end":{"line":50,"column":72}},"50":{"start":{"line":51,"column":0},"end":{"line":51,"column":19}},"51":{"start":{"line":52,"column":0},"end":{"line":52,"column":9}},"52":{"start":{"line":53,"column":0},"end":{"line":53,"column":0}},"53":{"start":{"line":54,"column":0},"end":{"line":54,"column":42}},"54":{"start":{"line":55,"column":0},"end":{"line":55,"column":28}},"55":{"start":{"line":56,"column":0},"end":{"line":56,"column":48}},"56":{"start":{"line":57,"column":0},"end":{"line":57,"column":31}},"57":{"start":{"line":58,"column":0},"end":{"line":58,"column":70}},"58":{"start":{"line":59,"column":0},"end":{"line":59,"column":45}},"59":{"start":{"line":60,"column":0},"end":{"line":60,"column":15}},"60":{"start":{"line":61,"column":0},"end":{"line":61,"column":15}},"61":{"start":{"line":62,"column":0},"end":{"line":62,"column":0}},"62":{"start":{"line":63,"column":0},"end":{"line":63,"column":32}},"63":{"start":{"line":64,"column":0},"end":{"line":64,"column":2}},"64":{"start":{"line":65,"column":0},"end":{"line":65,"column":0}},"65":{"start":{"line":66,"column":0},"end":{"line":66,"column":36}},"66":{"start":{"line":67,"column":0},"end":{"line":67,"column":0}},"67":{"start":{"line":68,"column":0},"end":{"line":68,"column":39}},"68":{"start":{"line":69,"column":0},"end":{"line":69,"column":52}},"69":{"start":{"line":70,"column":0},"end":{"line":70,"column":2}},"70":{"start":{"line":71,"column":0},"end":{"line":71,"column":0}},"71":{"start":{"line":72,"column":0},"end":{"line":72,"column":51}},"72":{"start":{"line":73,"column":0},"end":{"line":73,"column":0}},"73":{"start":{"line":74,"column":0},"end":{"line":74,"column":35}},"74":{"start":{"line":75,"column":0},"end":{"line":75,"column":39}},"75":{"start":{"line":76,"column":0},"end":{"line":76,"column":0}},"76":{"start":{"line":77,"column":0},"end":{"line":77,"column":21}},"77":{"start":{"line":78,"column":0},"end":{"line":78,"column":41}},"78":{"start":{"line":79,"column":0},"end":{"line":79,"column":11}},"79":{"start":{"line":80,"column":0},"end":{"line":80,"column":0}},"80":{"start":{"line":81,"column":0},"end":{"line":81,"column":18}},"81":{"start":{"line":82,"column":0},"end":{"line":82,"column":2}},"82":{"start":{"line":83,"column":0},"end":{"line":83,"column":0}},"83":{"start":{"line":84,"column":0},"end":{"line":84,"column":35}},"84":{"start":{"line":85,"column":0},"end":{"line":85,"column":47}},"85":{"start":{"line":86,"column":0},"end":{"line":86,"column":2}},"86":{"start":{"line":87,"column":0},"end":{"line":87,"column":78}},"87":{"start":{"line":88,"column":0},"end":{"line":88,"column":38}},"88":{"start":{"line":89,"column":0},"end":{"line":89,"column":11}},"89":{"start":{"line":90,"column":0},"end":{"line":90,"column":93}},"90":{"start":{"line":91,"column":0},"end":{"line":91,"column":71}},"91":{"start":{"line":92,"column":0},"end":{"line":92,"column":76}},"92":{"start":{"line":93,"column":0},"end":{"line":93,"column":23}},"93":{"start":{"line":94,"column":0},"end":{"line":94,"column":59}},"94":{"start":{"line":95,"column":0},"end":{"line":95,"column":7}},"95":{"start":{"line":96,"column":0},"end":{"line":96,"column":6}},"96":{"start":{"line":97,"column":0},"end":{"line":97,"column":2}},"97":{"start":{"line":98,"column":0},"end":{"line":98,"column":25}},"98":{"start":{"line":99,"column":0},"end":{"line":99,"column":4}},"99":{"start":{"line":100,"column":0},"end":{"line":100,"column":0}},"100":{"start":{"line":101,"column":0},"end":{"line":101,"column":35}},"101":{"start":{"line":102,"column":0},"end":{"line":102,"column":0}},"102":{"start":{"line":103,"column":0},"end":{"line":103,"column":0}},"103":{"start":{"line":104,"column":0},"end":{"line":104,"column":0}},"104":{"start":{"line":105,"column":0},"end":{"line":105,"column":0}},"105":{"start":{"line":106,"column":0},"end":{"line":106,"column":4}},"106":{"start":{"line":107,"column":0},"end":{"line":107,"column":36}},"107":{"start":{"line":108,"column":0},"end":{"line":108,"column":47}},"108":{"start":{"line":109,"column":0},"end":{"line":109,"column":0}},"109":{"start":{"line":110,"column":0},"end":{"line":110,"column":52}},"110":{"start":{"line":111,"column":0},"end":{"line":111,"column":13}},"111":{"start":{"line":112,"column":0},"end":{"line":112,"column":46}},"112":{"start":{"line":113,"column":0},"end":{"line":113,"column":46}},"113":{"start":{"line":114,"column":0},"end":{"line":114,"column":36}},"114":{"start":{"line":115,"column":0},"end":{"line":115,"column":36}},"115":{"start":{"line":116,"column":0},"end":{"line":116,"column":77}},"116":{"start":{"line":117,"column":0},"end":{"line":117,"column":20}},"117":{"start":{"line":118,"column":0},"end":{"line":118,"column":93}},"118":{"start":{"line":119,"column":0},"end":{"line":119,"column":13}},"119":{"start":{"line":120,"column":0},"end":{"line":120,"column":25}},"120":{"start":{"line":121,"column":0},"end":{"line":121,"column":63}},"121":{"start":{"line":122,"column":0},"end":{"line":122,"column":9}},"122":{"start":{"line":123,"column":0},"end":{"line":123,"column":11}},"123":{"start":{"line":124,"column":0},"end":{"line":124,"column":0}},"124":{"start":{"line":125,"column":0},"end":{"line":125,"column":32}},"125":{"start":{"line":126,"column":0},"end":{"line":126,"column":2}},"126":{"start":{"line":127,"column":0},"end":{"line":127,"column":0}},"127":{"start":{"line":128,"column":0},"end":{"line":128,"column":0}},"128":{"start":{"line":129,"column":0},"end":{"line":129,"column":40}},"129":{"start":{"line":130,"column":0},"end":{"line":130,"column":43}},"130":{"start":{"line":131,"column":0},"end":{"line":131,"column":2}},"131":{"start":{"line":132,"column":0},"end":{"line":132,"column":0}},"132":{"start":{"line":133,"column":0},"end":{"line":133,"column":63}},"133":{"start":{"line":134,"column":0},"end":{"line":134,"column":42}},"134":{"start":{"line":135,"column":0},"end":{"line":135,"column":43}},"135":{"start":{"line":136,"column":0},"end":{"line":136,"column":2}},"136":{"start":{"line":137,"column":0},"end":{"line":137,"column":52}},"137":{"start":{"line":138,"column":0},"end":{"line":138,"column":74}},"138":{"start":{"line":139,"column":0},"end":{"line":139,"column":15}},"139":{"start":{"line":140,"column":0},"end":{"line":140,"column":7}},"140":{"start":{"line":141,"column":0},"end":{"line":141,"column":2}},"141":{"start":{"line":142,"column":0},"end":{"line":142,"column":69}},"142":{"start":{"line":143,"column":0},"end":{"line":143,"column":28}},"143":{"start":{"line":144,"column":0},"end":{"line":144,"column":49}},"144":{"start":{"line":145,"column":0},"end":{"line":145,"column":27}},"145":{"start":{"line":146,"column":0},"end":{"line":146,"column":64}},"146":{"start":{"line":147,"column":0},"end":{"line":147,"column":47}},"147":{"start":{"line":148,"column":0},"end":{"line":148,"column":11}},"148":{"start":{"line":149,"column":0},"end":{"line":149,"column":11}},"149":{"start":{"line":150,"column":0},"end":{"line":150,"column":2}},"150":{"start":{"line":151,"column":0},"end":{"line":151,"column":34}},"151":{"start":{"line":152,"column":0},"end":{"line":152,"column":4}}},"s":{"0":1,"1":1,"2":1,"3":1,"4":1,"5":1,"6":1,"7":1,"8":1,"9":1,"10":1,"11":1,"12":1,"13":1,"14":1,"15":1,"16":1,"17":1,"18":1,"19":1,"20":1,"21":1,"22":4,"23":4,"24":4,"25":4,"26":2,"27":0,"28":2,"29":0,"30":2,"31":4,"32":4,"33":4,"34":4,"35":1,"36":1,"37":0,"38":0,"39":0,"40":0,"41":1,"42":1,"43":1,"44":1,"45":0,"46":0,"47":0,"48":0,"49":0,"50":0,"51":0,"52":0,"53":0,"54":0,"55":0,"56":0,"57":0,"58":0,"59":0,"60":1,"61":1,"62":1,"63":1,"64":1,"65":1,"66":1,"67":1,"68":0,"69":0,"70":1,"71":1,"72":1,"73":1,"74":0,"75":0,"76":0,"77":0,"78":0,"79":0,"80":0,"81":0,"82":1,"83":1,"84":0,"85":0,"86":0,"87":0,"88":0,"89":0,"90":0,"91":0,"92":0,"93":0,"94":0,"95":0,"96":0,"97":0,"98":1,"99":1,"100":1,"101":0,"102":0,"103":0,"104":0,"105":1,"106":1,"107":0,"108":0,"109":0,"110":0,"111":0,"112":0,"113":0,"114":0,"115":0,"116":0,"117":0,"118":0,"119":0,"120":0,"121":0,"122":0,"123":0,"124":0,"125":0,"126":1,"127":1,"128":1,"129":0,"130":0,"131":0,"132":0,"133":0,"134":0,"135":0,"136":0,"137":0,"138":0,"139":0,"140":0,"141":0,"142":0,"143":0,"144":0,"145":0,"146":0,"147":0,"148":0,"149":0,"150":0,"151":1},"branchMap":{"0":{"type":"branch","line":22,"loc":{"start":{"line":22,"column":25},"end":{"line":35,"column":2}},"locations":[{"start":{"line":22,"column":25},"end":{"line":35,"column":2}}]},"1":{"type":"branch","line":26,"loc":{"start":{"line":26,"column":14},"end":{"line":32,"column":5}},"locations":[{"start":{"line":26,"column":14},"end":{"line":32,"column":5}}]},"2":{"type":"branch","line":43,"loc":{"start":{"line":43,"column":27},"end":{"line":64,"column":2}},"locations":[{"start":{"line":43,"column":27},"end":{"line":64,"column":2}}]}},"b":{"0":[4],"1":[2],"2":[1]},"fnMap":{"0":{"name":"useDbData","decl":{"start":{"line":22,"column":25},"end":{"line":35,"column":2}},"loc":{"start":{"line":22,"column":25},"end":{"line":35,"column":2}},"line":22},"1":{"name":"makeResult","decl":{"start":{"line":37,"column":19},"end":{"line":41,"column":2}},"loc":{"start":{"line":37,"column":19},"end":{"line":41,"column":2}},"line":37},"2":{"name":"useDbUpdate","decl":{"start":{"line":43,"column":27},"end":{"line":64,"column":2}},"loc":{"start":{"line":43,"column":27},"end":{"line":64,"column":2}},"line":43},"3":{"name":"signInWithGoogle","decl":{"start":{"line":68,"column":32},"end":{"line":70,"column":2}},"loc":{"start":{"line":68,"column":32},"end":{"line":70,"column":2}},"line":68},"4":{"name":"signOut","decl":{"start":{"line":72,"column":23},"end":{"line":72,"column":50}},"loc":{"start":{"line":72,"column":23},"end":{"line":72,"column":50}},"line":72},"5":{"name":"useAuthState","decl":{"start":{"line":74,"column":28},"end":{"line":82,"column":2}},"loc":{"start":{"line":74,"column":28},"end":{"line":82,"column":2}},"line":74},"6":{"name":"useDbAdd","decl":{"start":{"line":84,"column":24},"end":{"line":99,"column":3}},"loc":{"start":{"line":84,"column":24},"end":{"line":99,"column":3}},"line":84},"7":{"name":"getRef","decl":{"start":{"line":101,"column":24},"end":{"line":106,"column":3}},"loc":{"start":{"line":101,"column":24},"end":{"line":106,"column":3}},"line":101},"8":{"name":"useDbRemove","decl":{"start":{"line":107,"column":29},"end":{"line":126,"column":2}},"loc":{"start":{"line":107,"column":29},"end":{"line":126,"column":2}},"line":107},"9":{"name":"useDbStatusUpdate","decl":{"start":{"line":129,"column":33},"end":{"line":152,"column":3}},"loc":{"start":{"line":129,"column":33},"end":{"line":152,"column":3}},"line":129}},"f":{"0":4,"1":0,"2":1,"3":0,"4":0,"5":0,"6":0,"7":0,"8":0,"9":0}}
,"C:\\Users\\mssli\\OneDrive\\Documents\\GitHub\\YellowTeam-GoodNeighbor\\src\\utilities\\useFormData.jsx": {"path":"C:\\Users\\mssli\\OneDrive\\Documents\\GitHub\\YellowTeam-GoodNeighbor\\src\\utilities\\useFormData.jsx","all":true,"statementMap":{"0":{"start":{"line":1,"column":0},"end":{"line":1,"column":33}},"2":{"start":{"line":3,"column":0},"end":{"line":3,"column":63}},"3":{"start":{"line":4,"column":0},"end":{"line":4,"column":57}},"5":{"start":{"line":6,"column":0},"end":{"line":6,"column":27}},"6":{"start":{"line":7,"column":0},"end":{"line":7,"column":37}},"7":{"start":{"line":8,"column":0},"end":{"line":8,"column":56}},"8":{"start":{"line":9,"column":0},"end":{"line":9,"column":40}},"10":{"start":{"line":11,"column":0},"end":{"line":11,"column":50}},"11":{"start":{"line":12,"column":0},"end":{"line":12,"column":50}},"12":{"start":{"line":13,"column":0},"end":{"line":13,"column":63}},"13":{"start":{"line":14,"column":0},"end":{"line":14,"column":57}},"14":{"start":{"line":15,"column":0},"end":{"line":15,"column":4}},"16":{"start":{"line":17,"column":0},"end":{"line":17,"column":25}},"17":{"start":{"line":18,"column":0},"end":{"line":18,"column":2}}},"s":{"0":0,"2":0,"3":0,"5":0,"6":0,"7":0,"8":0,"10":0,"11":0,"12":0,"13":0,"14":0,"16":0,"17":0},"branchMap":{"0":{"type":"branch","line":1,"loc":{"start":{"line":1,"column":0},"end":{"line":18,"column":-60}},"locations":[{"start":{"line":1,"column":0},"end":{"line":18,"column":-60}}]}},"b":{"0":[0]},"fnMap":{"0":{"name":"(empty-report)","decl":{"start":{"line":1,"column":0},"end":{"line":18,"column":-60}},"loc":{"start":{"line":1,"column":0},"end":{"line":18,"column":-60}},"line":1}},"f":{"0":0}}
}
